[2025-03-02 16:05:20.527 +09:00] [App.xaml.cs : 42] [.ctor] アプリケーション起動
[2025-03-02 16:05:20.532 +09:00] [App.xaml.cs : 44] [.ctor] LOG_LEVEL: DEBUG
[2025-03-02 16:05:20.534 +09:00] [App.xaml.cs : 44] [.ctor] MODEL_ID: gemma2:9b
[2025-03-02 16:05:20.992 +09:00] [SqliteManagement.cs : 35] [CreateTable] データベース作成成功
[2025-03-02 16:05:23.362 +09:00] [SqliteManagement.cs : 116] [ValidateUserLogin] test ユーザが見つかりました
[2025-03-02 16:05:23.373 +09:00] [SqliteManagement.cs : 152] [GetMessageList] MessageのListを取得: 
[2025-03-02 16:05:23.381 +09:00] [SqliteManagement.cs : 182] [GetChatHistoryList] ChatHistoryのListを取得: ChatHistoryId: 6, UserId: 1, Title: 2025/03/02 04:03:35, CreatedAt: 2025-03-02 16:03:35, ChatHistoryId: 5, UserId: 1, Title: 2025/03/02 03:55:54, CreatedAt: 2025-03-02 15:55:54, ChatHistoryId: 1, UserId: 1, Title: 2025/03/02 03:42:38, CreatedAt: 2025-03-02 15:42:38
[2025-03-02 16:05:24.946 +09:00] [SqliteManagement.cs : 219] [InsertHistory] 作成されたChatHistoryId: 7
[2025-03-02 16:05:24.951 +09:00] [SqliteManagement.cs : 223] [InsertHistory] ChatHistoryの挿入成功
[2025-03-02 16:05:24.955 +09:00] [SqliteManagement.cs : 182] [GetChatHistoryList] ChatHistoryのListを取得: ChatHistoryId: 7, UserId: 1, Title: 2025/03/02 04:05:24, CreatedAt: 2025-03-02 16:05:24, ChatHistoryId: 6, UserId: 1, Title: 2025/03/02 04:03:35, CreatedAt: 2025-03-02 16:03:35, ChatHistoryId: 5, UserId: 1, Title: 2025/03/02 03:55:54, CreatedAt: 2025-03-02 15:55:54, ChatHistoryId: 1, UserId: 1, Title: 2025/03/02 03:42:38, CreatedAt: 2025-03-02 15:42:38
[2025-03-02 16:05:28.074 +09:00] [SqliteManagement.cs : 266] [InsertMessage] Messageの挿入成功
[2025-03-02 16:05:28.077 +09:00] [SqliteManagement.cs : 152] [GetMessageList] MessageのListを取得: MessageId: 15, ChatHistoryId: 7, UserId: 1, IsHuman: Human, Content: test, CreatedAt: 2025-03-02 16:05:28
[2025-03-02 16:05:39.832 +09:00] [SqliteManagement.cs : 266] [InsertMessage] Messageの挿入成功
[2025-03-02 16:05:39.835 +09:00] [SqliteManagement.cs : 152] [GetMessageList] MessageのListを取得: MessageId: 15, ChatHistoryId: 7, UserId: 1, IsHuman: Human, Content: test, CreatedAt: 2025-03-02 16:05:28, MessageId: 16, ChatHistoryId: 7, UserId: 1, IsHuman: AI, Content: Hello! 👋 

How can I help you with your test? Do you have a specific question or task in mind? 😊  


Let me know and I'll do my best to assist you. 👍, CreatedAt: 2025-03-02 16:05:39
[2025-03-02 16:05:43.022 +09:00] [SqliteManagement.cs : 152] [GetMessageList] MessageのListを取得: MessageId: 15, ChatHistoryId: 7, UserId: 1, IsHuman: Human, Content: test, CreatedAt: 2025-03-02 16:05:28, MessageId: 16, ChatHistoryId: 7, UserId: 1, IsHuman: AI, Content: Hello! 👋 

How can I help you with your test? Do you have a specific question or task in mind? 😊  


Let me know and I'll do my best to assist you. 👍, CreatedAt: 2025-03-02 16:05:39
[2025-03-02 16:05:43.025 +09:00] [SqliteManagement.cs : 152] [GetMessageList] MessageのListを取得: MessageId: 15, ChatHistoryId: 7, UserId: 1, IsHuman: Human, Content: test, CreatedAt: 2025-03-02 16:05:28, MessageId: 16, ChatHistoryId: 7, UserId: 1, IsHuman: AI, Content: Hello! 👋 

How can I help you with your test? Do you have a specific question or task in mind? 😊  


Let me know and I'll do my best to assist you. 👍, CreatedAt: 2025-03-02 16:05:39
[2025-03-02 16:05:43.508 +09:00] [SqliteManagement.cs : 152] [GetMessageList] MessageのListを取得: 
[2025-03-02 16:05:43.511 +09:00] [SqliteManagement.cs : 152] [GetMessageList] MessageのListを取得: 
[2025-03-02 16:05:43.888 +09:00] [SqliteManagement.cs : 152] [GetMessageList] MessageのListを取得: MessageId: 7, ChatHistoryId: 5, UserId: 1, IsHuman: Human, Content: test, CreatedAt: 2025-03-02 15:56:02, MessageId: 8, ChatHistoryId: 5, UserId: 1, IsHuman: AI, Content: Please provide me with something to test! 

For example, you could:

* **Ask me a question:**  "What is the capital of France?"
* **Give me a writing prompt:** "Write a short story about a robot who learns to feel emotions."
* **Have me translate something:** "Translate 'Hello, world!' into Spanish."
* **Test my knowledge:** "What are the main branches of physics?"


Let me know what you'd like to test! 😊 
, CreatedAt: 2025-03-02 15:56:17, MessageId: 13, ChatHistoryId: 5, UserId: 1, IsHuman: Human, Content: 私の名前はCです, CreatedAt: 2025-03-02 15:57:07, MessageId: 14, ChatHistoryId: 5, UserId: 1, IsHuman: AI, Content: こんにちは、Cさん！

お会いできて嬉しいです。何かお手伝いできることはありますか？😊, CreatedAt: 2025-03-02 15:57:10
[2025-03-02 16:05:43.890 +09:00] [SqliteManagement.cs : 152] [GetMessageList] MessageのListを取得: MessageId: 7, ChatHistoryId: 5, UserId: 1, IsHuman: Human, Content: test, CreatedAt: 2025-03-02 15:56:02, MessageId: 8, ChatHistoryId: 5, UserId: 1, IsHuman: AI, Content: Please provide me with something to test! 

For example, you could:

* **Ask me a question:**  "What is the capital of France?"
* **Give me a writing prompt:** "Write a short story about a robot who learns to feel emotions."
* **Have me translate something:** "Translate 'Hello, world!' into Spanish."
* **Test my knowledge:** "What are the main branches of physics?"


Let me know what you'd like to test! 😊 
, CreatedAt: 2025-03-02 15:56:17, MessageId: 13, ChatHistoryId: 5, UserId: 1, IsHuman: Human, Content: 私の名前はCです, CreatedAt: 2025-03-02 15:57:07, MessageId: 14, ChatHistoryId: 5, UserId: 1, IsHuman: AI, Content: こんにちは、Cさん！

お会いできて嬉しいです。何かお手伝いできることはありますか？😊, CreatedAt: 2025-03-02 15:57:10
[2025-03-02 16:05:44.378 +09:00] [SqliteManagement.cs : 152] [GetMessageList] MessageのListを取得: MessageId: 1, ChatHistoryId: 1, UserId: 1, IsHuman: Human, Content: testです。一言回答してください, CreatedAt: 2025-03-02 15:42:38, MessageId: 2, ChatHistoryId: 1, UserId: 1, IsHuman: AI, Content: 了解しました。, CreatedAt: 2025-03-02 15:42:46, MessageId: 3, ChatHistoryId: 1, UserId: 1, IsHuman: Human, Content: testです。一言回答してください。, CreatedAt: 2025-03-02 15:43:13, MessageId: 4, ChatHistoryId: 1, UserId: 1, IsHuman: AI, Content: 了解しました。, CreatedAt: 2025-03-02 15:43:16, MessageId: 9, ChatHistoryId: 1, UserId: 1, IsHuman: Human, Content: 私の名前はAです, CreatedAt: 2025-03-02 15:56:27, MessageId: 10, ChatHistoryId: 1, UserId: 1, IsHuman: AI, Content: こんにちは、Aさん！ 👋  

何かお手伝いしましょうか？😊, CreatedAt: 2025-03-02 15:56:30
[2025-03-02 16:05:44.381 +09:00] [SqliteManagement.cs : 152] [GetMessageList] MessageのListを取得: MessageId: 1, ChatHistoryId: 1, UserId: 1, IsHuman: Human, Content: testです。一言回答してください, CreatedAt: 2025-03-02 15:42:38, MessageId: 2, ChatHistoryId: 1, UserId: 1, IsHuman: AI, Content: 了解しました。, CreatedAt: 2025-03-02 15:42:46, MessageId: 3, ChatHistoryId: 1, UserId: 1, IsHuman: Human, Content: testです。一言回答してください。, CreatedAt: 2025-03-02 15:43:13, MessageId: 4, ChatHistoryId: 1, UserId: 1, IsHuman: AI, Content: 了解しました。, CreatedAt: 2025-03-02 15:43:16, MessageId: 9, ChatHistoryId: 1, UserId: 1, IsHuman: Human, Content: 私の名前はAです, CreatedAt: 2025-03-02 15:56:27, MessageId: 10, ChatHistoryId: 1, UserId: 1, IsHuman: AI, Content: こんにちは、Aさん！ 👋  

何かお手伝いしましょうか？😊, CreatedAt: 2025-03-02 15:56:30
[2025-03-02 16:05:44.761 +09:00] [SqliteManagement.cs : 152] [GetMessageList] MessageのListを取得: 
[2025-03-02 16:05:44.764 +09:00] [SqliteManagement.cs : 152] [GetMessageList] MessageのListを取得: 
[2025-03-02 16:05:45.887 +09:00] [SqliteManagement.cs : 304] [DeleteChatHistory] ChatHistoryの削除件数: 1、Messageの削除件数: 0
[2025-03-02 16:05:45.891 +09:00] [SqliteManagement.cs : 182] [GetChatHistoryList] ChatHistoryのListを取得: ChatHistoryId: 7, UserId: 1, Title: 2025/03/02 04:05:24, CreatedAt: 2025-03-02 16:05:24, ChatHistoryId: 5, UserId: 1, Title: 2025/03/02 03:55:54, CreatedAt: 2025-03-02 15:55:54, ChatHistoryId: 1, UserId: 1, Title: 2025/03/02 03:42:38, CreatedAt: 2025-03-02 15:42:38
[2025-03-02 16:05:45.896 +09:00] [SqliteManagement.cs : 152] [GetMessageList] MessageのListを取得: 
[2025-03-02 16:05:46.465 +09:00] [SqliteManagement.cs : 152] [GetMessageList] MessageのListを取得: MessageId: 7, ChatHistoryId: 5, UserId: 1, IsHuman: Human, Content: test, CreatedAt: 2025-03-02 15:56:02, MessageId: 8, ChatHistoryId: 5, UserId: 1, IsHuman: AI, Content: Please provide me with something to test! 

For example, you could:

* **Ask me a question:**  "What is the capital of France?"
* **Give me a writing prompt:** "Write a short story about a robot who learns to feel emotions."
* **Have me translate something:** "Translate 'Hello, world!' into Spanish."
* **Test my knowledge:** "What are the main branches of physics?"


Let me know what you'd like to test! 😊 
, CreatedAt: 2025-03-02 15:56:17, MessageId: 13, ChatHistoryId: 5, UserId: 1, IsHuman: Human, Content: 私の名前はCです, CreatedAt: 2025-03-02 15:57:07, MessageId: 14, ChatHistoryId: 5, UserId: 1, IsHuman: AI, Content: こんにちは、Cさん！

お会いできて嬉しいです。何かお手伝いできることはありますか？😊, CreatedAt: 2025-03-02 15:57:10
[2025-03-02 16:05:46.468 +09:00] [SqliteManagement.cs : 152] [GetMessageList] MessageのListを取得: MessageId: 7, ChatHistoryId: 5, UserId: 1, IsHuman: Human, Content: test, CreatedAt: 2025-03-02 15:56:02, MessageId: 8, ChatHistoryId: 5, UserId: 1, IsHuman: AI, Content: Please provide me with something to test! 

For example, you could:

* **Ask me a question:**  "What is the capital of France?"
* **Give me a writing prompt:** "Write a short story about a robot who learns to feel emotions."
* **Have me translate something:** "Translate 'Hello, world!' into Spanish."
* **Test my knowledge:** "What are the main branches of physics?"


Let me know what you'd like to test! 😊 
, CreatedAt: 2025-03-02 15:56:17, MessageId: 13, ChatHistoryId: 5, UserId: 1, IsHuman: Human, Content: 私の名前はCです, CreatedAt: 2025-03-02 15:57:07, MessageId: 14, ChatHistoryId: 5, UserId: 1, IsHuman: AI, Content: こんにちは、Cさん！

お会いできて嬉しいです。何かお手伝いできることはありますか？😊, CreatedAt: 2025-03-02 15:57:10
[2025-03-02 16:05:46.981 +09:00] [SqliteManagement.cs : 152] [GetMessageList] MessageのListを取得: MessageId: 15, ChatHistoryId: 7, UserId: 1, IsHuman: Human, Content: test, CreatedAt: 2025-03-02 16:05:28, MessageId: 16, ChatHistoryId: 7, UserId: 1, IsHuman: AI, Content: Hello! 👋 

How can I help you with your test? Do you have a specific question or task in mind? 😊  


Let me know and I'll do my best to assist you. 👍, CreatedAt: 2025-03-02 16:05:39
[2025-03-02 16:05:46.984 +09:00] [SqliteManagement.cs : 152] [GetMessageList] MessageのListを取得: MessageId: 15, ChatHistoryId: 7, UserId: 1, IsHuman: Human, Content: test, CreatedAt: 2025-03-02 16:05:28, MessageId: 16, ChatHistoryId: 7, UserId: 1, IsHuman: AI, Content: Hello! 👋 

How can I help you with your test? Do you have a specific question or task in mind? 😊  


Let me know and I'll do my best to assist you. 👍, CreatedAt: 2025-03-02 16:05:39
[2025-03-02 16:05:47.555 +09:00] [SqliteManagement.cs : 152] [GetMessageList] MessageのListを取得: MessageId: 1, ChatHistoryId: 1, UserId: 1, IsHuman: Human, Content: testです。一言回答してください, CreatedAt: 2025-03-02 15:42:38, MessageId: 2, ChatHistoryId: 1, UserId: 1, IsHuman: AI, Content: 了解しました。, CreatedAt: 2025-03-02 15:42:46, MessageId: 3, ChatHistoryId: 1, UserId: 1, IsHuman: Human, Content: testです。一言回答してください。, CreatedAt: 2025-03-02 15:43:13, MessageId: 4, ChatHistoryId: 1, UserId: 1, IsHuman: AI, Content: 了解しました。, CreatedAt: 2025-03-02 15:43:16, MessageId: 9, ChatHistoryId: 1, UserId: 1, IsHuman: Human, Content: 私の名前はAです, CreatedAt: 2025-03-02 15:56:27, MessageId: 10, ChatHistoryId: 1, UserId: 1, IsHuman: AI, Content: こんにちは、Aさん！ 👋  

何かお手伝いしましょうか？😊, CreatedAt: 2025-03-02 15:56:30
[2025-03-02 16:05:47.558 +09:00] [SqliteManagement.cs : 152] [GetMessageList] MessageのListを取得: MessageId: 1, ChatHistoryId: 1, UserId: 1, IsHuman: Human, Content: testです。一言回答してください, CreatedAt: 2025-03-02 15:42:38, MessageId: 2, ChatHistoryId: 1, UserId: 1, IsHuman: AI, Content: 了解しました。, CreatedAt: 2025-03-02 15:42:46, MessageId: 3, ChatHistoryId: 1, UserId: 1, IsHuman: Human, Content: testです。一言回答してください。, CreatedAt: 2025-03-02 15:43:13, MessageId: 4, ChatHistoryId: 1, UserId: 1, IsHuman: AI, Content: 了解しました。, CreatedAt: 2025-03-02 15:43:16, MessageId: 9, ChatHistoryId: 1, UserId: 1, IsHuman: Human, Content: 私の名前はAです, CreatedAt: 2025-03-02 15:56:27, MessageId: 10, ChatHistoryId: 1, UserId: 1, IsHuman: AI, Content: こんにちは、Aさん！ 👋  

何かお手伝いしましょうか？😊, CreatedAt: 2025-03-02 15:56:30
