[2025-03-02 14:56:23.858 +09:00] [App.xaml.cs : 42] [.ctor] アプリケーション起動
[2025-03-02 14:56:23.871 +09:00] [App.xaml.cs : 44] [.ctor] LOG_LEVEL: DEBUG
[2025-03-02 14:56:23.874 +09:00] [App.xaml.cs : 44] [.ctor] MODEL_ID: gemma2:9b
[2025-03-02 14:56:24.344 +09:00] [SqliteManagement.cs : 35] [CreateTable] データベース作成成功
[2025-03-02 14:56:27.139 +09:00] [SqliteManagement.cs : 116] [ValidateUserLogin] test ユーザが見つかりました
[2025-03-02 14:56:27.151 +09:00] [SqliteManagement.cs : 152] [GetMessageList] MessageのListを取得: 
[2025-03-02 14:56:27.159 +09:00] [SqliteManagement.cs : 182] [GetChatHistoryList] ChatHistoryのListを取得: ChatHistoryId: 1, UserId: 1, Title: 2025/03/02 02:11:00, CreatedAt: 2025-03-02 14:11:00, ChatHistoryId: 2, UserId: 1, Title: 2025/03/02 02:14:52, CreatedAt: 2025-03-02 14:14:52
[2025-03-02 14:56:28.804 +09:00] [SqliteManagement.cs : 152] [GetMessageList] MessageのListを取得: MessageId: 1, ChatHistoryId: 1, UserId: 1, IsHuman: Human, Content: 日本語は分かりますか, CreatedAt: 2025-03-02 14:11:00, MessageId: 2, ChatHistoryId: 1, UserId: 1, IsHuman: Human, Content: 日本語は分かりますか, CreatedAt: 2025-03-02 14:14:52, MessageId: 3, ChatHistoryId: 1, UserId: 1, IsHuman: AI, Content: はい、日本語を理解することができます。

何か私に聞いてください！😊, CreatedAt: 2025-03-02 14:14:59, MessageId: 4, ChatHistoryId: 1, UserId: 1, IsHuman: Human, Content: ことわざを1行で1つ教えてください, CreatedAt: 2025-03-02 14:15:33, MessageId: 5, ChatHistoryId: 1, UserId: 1, IsHuman: AI, Content: 一石二鳥  
, CreatedAt: 2025-03-02 14:15:35, MessageId: 6, ChatHistoryId: 1, UserId: 1, IsHuman: Human, Content: 上記を英語にしてください, CreatedAt: 2025-03-02 14:15:43, MessageId: 7, ChatHistoryId: 1, UserId: 1, IsHuman: AI, Content: Please provide me with the text you would like me to translate into English. 😊 

I need the text in order to help you!  
, CreatedAt: 2025-03-02 14:15:50
[2025-03-02 14:56:28.807 +09:00] [SqliteManagement.cs : 152] [GetMessageList] MessageのListを取得: MessageId: 1, ChatHistoryId: 1, UserId: 1, IsHuman: Human, Content: 日本語は分かりますか, CreatedAt: 2025-03-02 14:11:00, MessageId: 2, ChatHistoryId: 1, UserId: 1, IsHuman: Human, Content: 日本語は分かりますか, CreatedAt: 2025-03-02 14:14:52, MessageId: 3, ChatHistoryId: 1, UserId: 1, IsHuman: AI, Content: はい、日本語を理解することができます。

何か私に聞いてください！😊, CreatedAt: 2025-03-02 14:14:59, MessageId: 4, ChatHistoryId: 1, UserId: 1, IsHuman: Human, Content: ことわざを1行で1つ教えてください, CreatedAt: 2025-03-02 14:15:33, MessageId: 5, ChatHistoryId: 1, UserId: 1, IsHuman: AI, Content: 一石二鳥  
, CreatedAt: 2025-03-02 14:15:35, MessageId: 6, ChatHistoryId: 1, UserId: 1, IsHuman: Human, Content: 上記を英語にしてください, CreatedAt: 2025-03-02 14:15:43, MessageId: 7, ChatHistoryId: 1, UserId: 1, IsHuman: AI, Content: Please provide me with the text you would like me to translate into English. 😊 

I need the text in order to help you!  
, CreatedAt: 2025-03-02 14:15:50
[2025-03-02 14:56:30.364 +09:00] [SqliteManagement.cs : 152] [GetMessageList] MessageのListを取得: 
[2025-03-02 14:56:30.370 +09:00] [SqliteManagement.cs : 152] [GetMessageList] MessageのListを取得: 
[2025-03-02 14:56:31.333 +09:00] [SqliteManagement.cs : 152] [GetMessageList] MessageのListを取得: MessageId: 1, ChatHistoryId: 1, UserId: 1, IsHuman: Human, Content: 日本語は分かりますか, CreatedAt: 2025-03-02 14:11:00, MessageId: 2, ChatHistoryId: 1, UserId: 1, IsHuman: Human, Content: 日本語は分かりますか, CreatedAt: 2025-03-02 14:14:52, MessageId: 3, ChatHistoryId: 1, UserId: 1, IsHuman: AI, Content: はい、日本語を理解することができます。

何か私に聞いてください！😊, CreatedAt: 2025-03-02 14:14:59, MessageId: 4, ChatHistoryId: 1, UserId: 1, IsHuman: Human, Content: ことわざを1行で1つ教えてください, CreatedAt: 2025-03-02 14:15:33, MessageId: 5, ChatHistoryId: 1, UserId: 1, IsHuman: AI, Content: 一石二鳥  
, CreatedAt: 2025-03-02 14:15:35, MessageId: 6, ChatHistoryId: 1, UserId: 1, IsHuman: Human, Content: 上記を英語にしてください, CreatedAt: 2025-03-02 14:15:43, MessageId: 7, ChatHistoryId: 1, UserId: 1, IsHuman: AI, Content: Please provide me with the text you would like me to translate into English. 😊 

I need the text in order to help you!  
, CreatedAt: 2025-03-02 14:15:50
[2025-03-02 14:56:31.336 +09:00] [SqliteManagement.cs : 152] [GetMessageList] MessageのListを取得: MessageId: 1, ChatHistoryId: 1, UserId: 1, IsHuman: Human, Content: 日本語は分かりますか, CreatedAt: 2025-03-02 14:11:00, MessageId: 2, ChatHistoryId: 1, UserId: 1, IsHuman: Human, Content: 日本語は分かりますか, CreatedAt: 2025-03-02 14:14:52, MessageId: 3, ChatHistoryId: 1, UserId: 1, IsHuman: AI, Content: はい、日本語を理解することができます。

何か私に聞いてください！😊, CreatedAt: 2025-03-02 14:14:59, MessageId: 4, ChatHistoryId: 1, UserId: 1, IsHuman: Human, Content: ことわざを1行で1つ教えてください, CreatedAt: 2025-03-02 14:15:33, MessageId: 5, ChatHistoryId: 1, UserId: 1, IsHuman: AI, Content: 一石二鳥  
, CreatedAt: 2025-03-02 14:15:35, MessageId: 6, ChatHistoryId: 1, UserId: 1, IsHuman: Human, Content: 上記を英語にしてください, CreatedAt: 2025-03-02 14:15:43, MessageId: 7, ChatHistoryId: 1, UserId: 1, IsHuman: AI, Content: Please provide me with the text you would like me to translate into English. 😊 

I need the text in order to help you!  
, CreatedAt: 2025-03-02 14:15:50
[2025-03-02 14:56:32.593 +09:00] [SqliteManagement.cs : 152] [GetMessageList] MessageのListを取得: 
[2025-03-02 14:56:34.669 +09:00] [SqliteManagement.cs : 152] [GetMessageList] MessageのListを取得: MessageId: 1, ChatHistoryId: 1, UserId: 1, IsHuman: Human, Content: 日本語は分かりますか, CreatedAt: 2025-03-02 14:11:00, MessageId: 2, ChatHistoryId: 1, UserId: 1, IsHuman: Human, Content: 日本語は分かりますか, CreatedAt: 2025-03-02 14:14:52, MessageId: 3, ChatHistoryId: 1, UserId: 1, IsHuman: AI, Content: はい、日本語を理解することができます。

何か私に聞いてください！😊, CreatedAt: 2025-03-02 14:14:59, MessageId: 4, ChatHistoryId: 1, UserId: 1, IsHuman: Human, Content: ことわざを1行で1つ教えてください, CreatedAt: 2025-03-02 14:15:33, MessageId: 5, ChatHistoryId: 1, UserId: 1, IsHuman: AI, Content: 一石二鳥  
, CreatedAt: 2025-03-02 14:15:35, MessageId: 6, ChatHistoryId: 1, UserId: 1, IsHuman: Human, Content: 上記を英語にしてください, CreatedAt: 2025-03-02 14:15:43, MessageId: 7, ChatHistoryId: 1, UserId: 1, IsHuman: AI, Content: Please provide me with the text you would like me to translate into English. 😊 

I need the text in order to help you!  
, CreatedAt: 2025-03-02 14:15:50
[2025-03-02 14:56:34.671 +09:00] [SqliteManagement.cs : 152] [GetMessageList] MessageのListを取得: MessageId: 1, ChatHistoryId: 1, UserId: 1, IsHuman: Human, Content: 日本語は分かりますか, CreatedAt: 2025-03-02 14:11:00, MessageId: 2, ChatHistoryId: 1, UserId: 1, IsHuman: Human, Content: 日本語は分かりますか, CreatedAt: 2025-03-02 14:14:52, MessageId: 3, ChatHistoryId: 1, UserId: 1, IsHuman: AI, Content: はい、日本語を理解することができます。

何か私に聞いてください！😊, CreatedAt: 2025-03-02 14:14:59, MessageId: 4, ChatHistoryId: 1, UserId: 1, IsHuman: Human, Content: ことわざを1行で1つ教えてください, CreatedAt: 2025-03-02 14:15:33, MessageId: 5, ChatHistoryId: 1, UserId: 1, IsHuman: AI, Content: 一石二鳥  
, CreatedAt: 2025-03-02 14:15:35, MessageId: 6, ChatHistoryId: 1, UserId: 1, IsHuman: Human, Content: 上記を英語にしてください, CreatedAt: 2025-03-02 14:15:43, MessageId: 7, ChatHistoryId: 1, UserId: 1, IsHuman: AI, Content: Please provide me with the text you would like me to translate into English. 😊 

I need the text in order to help you!  
, CreatedAt: 2025-03-02 14:15:50
[2025-03-02 14:56:35.973 +09:00] [SqliteManagement.cs : 152] [GetMessageList] MessageのListを取得: 
