[2025-03-02 15:32:10.024 +09:00] [App.xaml.cs : 42] [.ctor] アプリケーション起動
[2025-03-02 15:32:10.081 +09:00] [App.xaml.cs : 44] [.ctor] LOG_LEVEL: DEBUG
[2025-03-02 15:32:10.103 +09:00] [App.xaml.cs : 44] [.ctor] MODEL_ID: gemma2:9b
[2025-03-02 15:32:10.505 +09:00] [SqliteManagement.cs : 35] [CreateTable] データベース作成成功
[2025-03-02 15:32:14.024 +09:00] [SqliteManagement.cs : 116] [ValidateUserLogin] test ユーザが見つかりました
[2025-03-02 15:32:14.035 +09:00] [SqliteManagement.cs : 152] [GetMessageList] MessageのListを取得: 
[2025-03-02 15:32:14.043 +09:00] [SqliteManagement.cs : 182] [GetChatHistoryList] ChatHistoryのListを取得: ChatHistoryId: 1, UserId: 1, Title: 2025/03/02 02:11:00, CreatedAt: 2025-03-02 14:11:00
[2025-03-02 15:32:15.645 +09:00] [SqliteManagement.cs : 152] [GetMessageList] MessageのListを取得: MessageId: 1, ChatHistoryId: 1, UserId: 1, IsHuman: Human, Content: 日本語は分かりますか, CreatedAt: 2025-03-02 14:11:00, MessageId: 2, ChatHistoryId: 1, UserId: 1, IsHuman: Human, Content: 日本語は分かりますか, CreatedAt: 2025-03-02 14:14:52, MessageId: 3, ChatHistoryId: 1, UserId: 1, IsHuman: AI, Content: はい、日本語を理解することができます。

何か私に聞いてください！😊, CreatedAt: 2025-03-02 14:14:59, MessageId: 4, ChatHistoryId: 1, UserId: 1, IsHuman: Human, Content: ことわざを1行で1つ教えてください, CreatedAt: 2025-03-02 14:15:33, MessageId: 5, ChatHistoryId: 1, UserId: 1, IsHuman: AI, Content: 一石二鳥  
, CreatedAt: 2025-03-02 14:15:35, MessageId: 6, ChatHistoryId: 1, UserId: 1, IsHuman: Human, Content: 上記を英語にしてください, CreatedAt: 2025-03-02 14:15:43, MessageId: 7, ChatHistoryId: 1, UserId: 1, IsHuman: AI, Content: Please provide me with the text you would like me to translate into English. 😊 

I need the text in order to help you!  
, CreatedAt: 2025-03-02 14:15:50
[2025-03-02 15:32:15.651 +09:00] [SqliteManagement.cs : 152] [GetMessageList] MessageのListを取得: MessageId: 1, ChatHistoryId: 1, UserId: 1, IsHuman: Human, Content: 日本語は分かりますか, CreatedAt: 2025-03-02 14:11:00, MessageId: 2, ChatHistoryId: 1, UserId: 1, IsHuman: Human, Content: 日本語は分かりますか, CreatedAt: 2025-03-02 14:14:52, MessageId: 3, ChatHistoryId: 1, UserId: 1, IsHuman: AI, Content: はい、日本語を理解することができます。

何か私に聞いてください！😊, CreatedAt: 2025-03-02 14:14:59, MessageId: 4, ChatHistoryId: 1, UserId: 1, IsHuman: Human, Content: ことわざを1行で1つ教えてください, CreatedAt: 2025-03-02 14:15:33, MessageId: 5, ChatHistoryId: 1, UserId: 1, IsHuman: AI, Content: 一石二鳥  
, CreatedAt: 2025-03-02 14:15:35, MessageId: 6, ChatHistoryId: 1, UserId: 1, IsHuman: Human, Content: 上記を英語にしてください, CreatedAt: 2025-03-02 14:15:43, MessageId: 7, ChatHistoryId: 1, UserId: 1, IsHuman: AI, Content: Please provide me with the text you would like me to translate into English. 😊 

I need the text in order to help you!  
, CreatedAt: 2025-03-02 14:15:50
[2025-03-02 15:32:38.477 +09:00] [SqliteManagement.cs : 313] [DeleteChatHistory] ChatHistoryの削除件数: 1、Messageの削除件数: 7
[2025-03-02 15:32:43.894 +09:00] [SqliteManagement.cs : 182] [GetChatHistoryList] ChatHistoryのListを取得: 
[2025-03-02 15:32:44.360 +09:00] [SqliteManagement.cs : 152] [GetMessageList] MessageのListを取得: 
[2025-03-02 15:32:53.399 +09:00] [SqliteManagement.cs : 221] [InsertHistory] ChatHistoryの挿入成功
[2025-03-02 15:32:53.401 +09:00] [SqliteManagement.cs : 182] [GetChatHistoryList] ChatHistoryのListを取得: ChatHistoryId: 3, UserId: 1, Title: 2025/03/02 03:32:53, CreatedAt: 2025-03-02 15:32:53
[2025-03-02 15:32:53.407 +09:00] [SqliteManagement.cs : 264] [InsertMessage] Messageの挿入成功
[2025-03-02 15:32:53.410 +09:00] [SqliteManagement.cs : 152] [GetMessageList] MessageのListを取得: MessageId: 8, ChatHistoryId: 1, UserId: 1, IsHuman: Human, Content: testです, CreatedAt: 2025-03-02 15:32:53
