[2025-03-02 14:49:11.017 +09:00] [App.xaml.cs : 42] [.ctor] アプリケーション起動
[2025-03-02 14:49:11.021 +09:00] [App.xaml.cs : 44] [.ctor] LOG_LEVEL: DEBUG
[2025-03-02 14:49:11.023 +09:00] [App.xaml.cs : 44] [.ctor] MODEL_ID: gemma2:9b
[2025-03-02 14:49:11.501 +09:00] [SqliteManagement.cs : 35] [CreateTable] データベース作成成功
[2025-03-02 14:49:14.037 +09:00] [SqliteManagement.cs : 116] [ValidateUserLogin] test ユーザが見つかりました
[2025-03-02 14:49:14.048 +09:00] [SqliteManagement.cs : 152] [GetMessageList] MessageのListを取得: 
[2025-03-02 14:49:14.056 +09:00] [SqliteManagement.cs : 182] [GetChatHistoryList] ChatHistoryのListを取得: ChatHistoryId: 1, UserId: 1, Title: 2025/03/02 02:11:00, CreatedAt: 2025-03-02 14:11:00, ChatHistoryId: 2, UserId: 1, Title: 2025/03/02 02:14:52, CreatedAt: 2025-03-02 14:14:52
[2025-03-02 14:49:14.972 +09:00] [SqliteManagement.cs : 152] [GetMessageList] MessageのListを取得: 
[2025-03-02 14:49:14.975 +09:00] [SqliteManagement.cs : 152] [GetMessageList] MessageのListを取得: 
[2025-03-02 14:49:15.513 +09:00] [SqliteManagement.cs : 152] [GetMessageList] MessageのListを取得: MessageId: 1, ChatHistoryId: 1, UserId: 1, IsHuman: Human, Content: 日本語は分かりますか, CreatedAt: 2025-03-02 14:11:00, MessageId: 2, ChatHistoryId: 1, UserId: 1, IsHuman: Human, Content: 日本語は分かりますか, CreatedAt: 2025-03-02 14:14:52, MessageId: 3, ChatHistoryId: 1, UserId: 1, IsHuman: AI, Content: はい、日本語を理解することができます。

何か私に聞いてください！😊, CreatedAt: 2025-03-02 14:14:59, MessageId: 4, ChatHistoryId: 1, UserId: 1, IsHuman: Human, Content: ことわざを1行で1つ教えてください, CreatedAt: 2025-03-02 14:15:33, MessageId: 5, ChatHistoryId: 1, UserId: 1, IsHuman: AI, Content: 一石二鳥  
, CreatedAt: 2025-03-02 14:15:35, MessageId: 6, ChatHistoryId: 1, UserId: 1, IsHuman: Human, Content: 上記を英語にしてください, CreatedAt: 2025-03-02 14:15:43, MessageId: 7, ChatHistoryId: 1, UserId: 1, IsHuman: AI, Content: Please provide me with the text you would like me to translate into English. 😊 

I need the text in order to help you!  
, CreatedAt: 2025-03-02 14:15:50
[2025-03-02 14:49:15.516 +09:00] [SqliteManagement.cs : 152] [GetMessageList] MessageのListを取得: MessageId: 1, ChatHistoryId: 1, UserId: 1, IsHuman: Human, Content: 日本語は分かりますか, CreatedAt: 2025-03-02 14:11:00, MessageId: 2, ChatHistoryId: 1, UserId: 1, IsHuman: Human, Content: 日本語は分かりますか, CreatedAt: 2025-03-02 14:14:52, MessageId: 3, ChatHistoryId: 1, UserId: 1, IsHuman: AI, Content: はい、日本語を理解することができます。

何か私に聞いてください！😊, CreatedAt: 2025-03-02 14:14:59, MessageId: 4, ChatHistoryId: 1, UserId: 1, IsHuman: Human, Content: ことわざを1行で1つ教えてください, CreatedAt: 2025-03-02 14:15:33, MessageId: 5, ChatHistoryId: 1, UserId: 1, IsHuman: AI, Content: 一石二鳥  
, CreatedAt: 2025-03-02 14:15:35, MessageId: 6, ChatHistoryId: 1, UserId: 1, IsHuman: Human, Content: 上記を英語にしてください, CreatedAt: 2025-03-02 14:15:43, MessageId: 7, ChatHistoryId: 1, UserId: 1, IsHuman: AI, Content: Please provide me with the text you would like me to translate into English. 😊 

I need the text in order to help you!  
, CreatedAt: 2025-03-02 14:15:50
[2025-03-02 14:49:16.320 +09:00] [SqliteManagement.cs : 152] [GetMessageList] MessageのListを取得: 
[2025-03-02 14:49:16.325 +09:00] [SqliteManagement.cs : 152] [GetMessageList] MessageのListを取得: 
[2025-03-02 14:49:16.810 +09:00] [SqliteManagement.cs : 152] [GetMessageList] MessageのListを取得: MessageId: 1, ChatHistoryId: 1, UserId: 1, IsHuman: Human, Content: 日本語は分かりますか, CreatedAt: 2025-03-02 14:11:00, MessageId: 2, ChatHistoryId: 1, UserId: 1, IsHuman: Human, Content: 日本語は分かりますか, CreatedAt: 2025-03-02 14:14:52, MessageId: 3, ChatHistoryId: 1, UserId: 1, IsHuman: AI, Content: はい、日本語を理解することができます。

何か私に聞いてください！😊, CreatedAt: 2025-03-02 14:14:59, MessageId: 4, ChatHistoryId: 1, UserId: 1, IsHuman: Human, Content: ことわざを1行で1つ教えてください, CreatedAt: 2025-03-02 14:15:33, MessageId: 5, ChatHistoryId: 1, UserId: 1, IsHuman: AI, Content: 一石二鳥  
, CreatedAt: 2025-03-02 14:15:35, MessageId: 6, ChatHistoryId: 1, UserId: 1, IsHuman: Human, Content: 上記を英語にしてください, CreatedAt: 2025-03-02 14:15:43, MessageId: 7, ChatHistoryId: 1, UserId: 1, IsHuman: AI, Content: Please provide me with the text you would like me to translate into English. 😊 

I need the text in order to help you!  
, CreatedAt: 2025-03-02 14:15:50
[2025-03-02 14:49:16.812 +09:00] [SqliteManagement.cs : 152] [GetMessageList] MessageのListを取得: MessageId: 1, ChatHistoryId: 1, UserId: 1, IsHuman: Human, Content: 日本語は分かりますか, CreatedAt: 2025-03-02 14:11:00, MessageId: 2, ChatHistoryId: 1, UserId: 1, IsHuman: Human, Content: 日本語は分かりますか, CreatedAt: 2025-03-02 14:14:52, MessageId: 3, ChatHistoryId: 1, UserId: 1, IsHuman: AI, Content: はい、日本語を理解することができます。

何か私に聞いてください！😊, CreatedAt: 2025-03-02 14:14:59, MessageId: 4, ChatHistoryId: 1, UserId: 1, IsHuman: Human, Content: ことわざを1行で1つ教えてください, CreatedAt: 2025-03-02 14:15:33, MessageId: 5, ChatHistoryId: 1, UserId: 1, IsHuman: AI, Content: 一石二鳥  
, CreatedAt: 2025-03-02 14:15:35, MessageId: 6, ChatHistoryId: 1, UserId: 1, IsHuman: Human, Content: 上記を英語にしてください, CreatedAt: 2025-03-02 14:15:43, MessageId: 7, ChatHistoryId: 1, UserId: 1, IsHuman: AI, Content: Please provide me with the text you would like me to translate into English. 😊 

I need the text in order to help you!  
, CreatedAt: 2025-03-02 14:15:50
[2025-03-02 14:49:18.586 +09:00] [SqliteManagement.cs : 152] [GetMessageList] MessageのListを取得: 
[2025-03-02 14:49:18.590 +09:00] [SqliteManagement.cs : 152] [GetMessageList] MessageのListを取得: 
[2025-03-02 14:49:19.053 +09:00] [SqliteManagement.cs : 152] [GetMessageList] MessageのListを取得: MessageId: 1, ChatHistoryId: 1, UserId: 1, IsHuman: Human, Content: 日本語は分かりますか, CreatedAt: 2025-03-02 14:11:00, MessageId: 2, ChatHistoryId: 1, UserId: 1, IsHuman: Human, Content: 日本語は分かりますか, CreatedAt: 2025-03-02 14:14:52, MessageId: 3, ChatHistoryId: 1, UserId: 1, IsHuman: AI, Content: はい、日本語を理解することができます。

何か私に聞いてください！😊, CreatedAt: 2025-03-02 14:14:59, MessageId: 4, ChatHistoryId: 1, UserId: 1, IsHuman: Human, Content: ことわざを1行で1つ教えてください, CreatedAt: 2025-03-02 14:15:33, MessageId: 5, ChatHistoryId: 1, UserId: 1, IsHuman: AI, Content: 一石二鳥  
, CreatedAt: 2025-03-02 14:15:35, MessageId: 6, ChatHistoryId: 1, UserId: 1, IsHuman: Human, Content: 上記を英語にしてください, CreatedAt: 2025-03-02 14:15:43, MessageId: 7, ChatHistoryId: 1, UserId: 1, IsHuman: AI, Content: Please provide me with the text you would like me to translate into English. 😊 

I need the text in order to help you!  
, CreatedAt: 2025-03-02 14:15:50
[2025-03-02 14:49:19.055 +09:00] [SqliteManagement.cs : 152] [GetMessageList] MessageのListを取得: MessageId: 1, ChatHistoryId: 1, UserId: 1, IsHuman: Human, Content: 日本語は分かりますか, CreatedAt: 2025-03-02 14:11:00, MessageId: 2, ChatHistoryId: 1, UserId: 1, IsHuman: Human, Content: 日本語は分かりますか, CreatedAt: 2025-03-02 14:14:52, MessageId: 3, ChatHistoryId: 1, UserId: 1, IsHuman: AI, Content: はい、日本語を理解することができます。

何か私に聞いてください！😊, CreatedAt: 2025-03-02 14:14:59, MessageId: 4, ChatHistoryId: 1, UserId: 1, IsHuman: Human, Content: ことわざを1行で1つ教えてください, CreatedAt: 2025-03-02 14:15:33, MessageId: 5, ChatHistoryId: 1, UserId: 1, IsHuman: AI, Content: 一石二鳥  
, CreatedAt: 2025-03-02 14:15:35, MessageId: 6, ChatHistoryId: 1, UserId: 1, IsHuman: Human, Content: 上記を英語にしてください, CreatedAt: 2025-03-02 14:15:43, MessageId: 7, ChatHistoryId: 1, UserId: 1, IsHuman: AI, Content: Please provide me with the text you would like me to translate into English. 😊 

I need the text in order to help you!  
, CreatedAt: 2025-03-02 14:15:50
[2025-03-02 14:49:19.693 +09:00] [SqliteManagement.cs : 152] [GetMessageList] MessageのListを取得: 
[2025-03-02 14:49:19.697 +09:00] [SqliteManagement.cs : 152] [GetMessageList] MessageのListを取得: 
[2025-03-02 14:49:20.218 +09:00] [SqliteManagement.cs : 152] [GetMessageList] MessageのListを取得: MessageId: 1, ChatHistoryId: 1, UserId: 1, IsHuman: Human, Content: 日本語は分かりますか, CreatedAt: 2025-03-02 14:11:00, MessageId: 2, ChatHistoryId: 1, UserId: 1, IsHuman: Human, Content: 日本語は分かりますか, CreatedAt: 2025-03-02 14:14:52, MessageId: 3, ChatHistoryId: 1, UserId: 1, IsHuman: AI, Content: はい、日本語を理解することができます。

何か私に聞いてください！😊, CreatedAt: 2025-03-02 14:14:59, MessageId: 4, ChatHistoryId: 1, UserId: 1, IsHuman: Human, Content: ことわざを1行で1つ教えてください, CreatedAt: 2025-03-02 14:15:33, MessageId: 5, ChatHistoryId: 1, UserId: 1, IsHuman: AI, Content: 一石二鳥  
, CreatedAt: 2025-03-02 14:15:35, MessageId: 6, ChatHistoryId: 1, UserId: 1, IsHuman: Human, Content: 上記を英語にしてください, CreatedAt: 2025-03-02 14:15:43, MessageId: 7, ChatHistoryId: 1, UserId: 1, IsHuman: AI, Content: Please provide me with the text you would like me to translate into English. 😊 

I need the text in order to help you!  
, CreatedAt: 2025-03-02 14:15:50
[2025-03-02 14:49:20.220 +09:00] [SqliteManagement.cs : 152] [GetMessageList] MessageのListを取得: MessageId: 1, ChatHistoryId: 1, UserId: 1, IsHuman: Human, Content: 日本語は分かりますか, CreatedAt: 2025-03-02 14:11:00, MessageId: 2, ChatHistoryId: 1, UserId: 1, IsHuman: Human, Content: 日本語は分かりますか, CreatedAt: 2025-03-02 14:14:52, MessageId: 3, ChatHistoryId: 1, UserId: 1, IsHuman: AI, Content: はい、日本語を理解することができます。

何か私に聞いてください！😊, CreatedAt: 2025-03-02 14:14:59, MessageId: 4, ChatHistoryId: 1, UserId: 1, IsHuman: Human, Content: ことわざを1行で1つ教えてください, CreatedAt: 2025-03-02 14:15:33, MessageId: 5, ChatHistoryId: 1, UserId: 1, IsHuman: AI, Content: 一石二鳥  
, CreatedAt: 2025-03-02 14:15:35, MessageId: 6, ChatHistoryId: 1, UserId: 1, IsHuman: Human, Content: 上記を英語にしてください, CreatedAt: 2025-03-02 14:15:43, MessageId: 7, ChatHistoryId: 1, UserId: 1, IsHuman: AI, Content: Please provide me with the text you would like me to translate into English. 😊 

I need the text in order to help you!  
, CreatedAt: 2025-03-02 14:15:50
[2025-03-02 14:49:21.427 +09:00] [SqliteManagement.cs : 152] [GetMessageList] MessageのListを取得: 
[2025-03-02 14:49:21.433 +09:00] [SqliteManagement.cs : 152] [GetMessageList] MessageのListを取得: 
[2025-03-02 14:49:22.464 +09:00] [SqliteManagement.cs : 152] [GetMessageList] MessageのListを取得: MessageId: 1, ChatHistoryId: 1, UserId: 1, IsHuman: Human, Content: 日本語は分かりますか, CreatedAt: 2025-03-02 14:11:00, MessageId: 2, ChatHistoryId: 1, UserId: 1, IsHuman: Human, Content: 日本語は分かりますか, CreatedAt: 2025-03-02 14:14:52, MessageId: 3, ChatHistoryId: 1, UserId: 1, IsHuman: AI, Content: はい、日本語を理解することができます。

何か私に聞いてください！😊, CreatedAt: 2025-03-02 14:14:59, MessageId: 4, ChatHistoryId: 1, UserId: 1, IsHuman: Human, Content: ことわざを1行で1つ教えてください, CreatedAt: 2025-03-02 14:15:33, MessageId: 5, ChatHistoryId: 1, UserId: 1, IsHuman: AI, Content: 一石二鳥  
, CreatedAt: 2025-03-02 14:15:35, MessageId: 6, ChatHistoryId: 1, UserId: 1, IsHuman: Human, Content: 上記を英語にしてください, CreatedAt: 2025-03-02 14:15:43, MessageId: 7, ChatHistoryId: 1, UserId: 1, IsHuman: AI, Content: Please provide me with the text you would like me to translate into English. 😊 

I need the text in order to help you!  
, CreatedAt: 2025-03-02 14:15:50
[2025-03-02 14:49:22.466 +09:00] [SqliteManagement.cs : 152] [GetMessageList] MessageのListを取得: MessageId: 1, ChatHistoryId: 1, UserId: 1, IsHuman: Human, Content: 日本語は分かりますか, CreatedAt: 2025-03-02 14:11:00, MessageId: 2, ChatHistoryId: 1, UserId: 1, IsHuman: Human, Content: 日本語は分かりますか, CreatedAt: 2025-03-02 14:14:52, MessageId: 3, ChatHistoryId: 1, UserId: 1, IsHuman: AI, Content: はい、日本語を理解することができます。

何か私に聞いてください！😊, CreatedAt: 2025-03-02 14:14:59, MessageId: 4, ChatHistoryId: 1, UserId: 1, IsHuman: Human, Content: ことわざを1行で1つ教えてください, CreatedAt: 2025-03-02 14:15:33, MessageId: 5, ChatHistoryId: 1, UserId: 1, IsHuman: AI, Content: 一石二鳥  
, CreatedAt: 2025-03-02 14:15:35, MessageId: 6, ChatHistoryId: 1, UserId: 1, IsHuman: Human, Content: 上記を英語にしてください, CreatedAt: 2025-03-02 14:15:43, MessageId: 7, ChatHistoryId: 1, UserId: 1, IsHuman: AI, Content: Please provide me with the text you would like me to translate into English. 😊 

I need the text in order to help you!  
, CreatedAt: 2025-03-02 14:15:50
[2025-03-02 14:49:25.792 +09:00] [SqliteManagement.cs : 152] [GetMessageList] MessageのListを取得: 
[2025-03-02 14:49:25.795 +09:00] [SqliteManagement.cs : 152] [GetMessageList] MessageのListを取得: 
[2025-03-02 14:49:30.845 +09:00] [SqliteManagement.cs : 152] [GetMessageList] MessageのListを取得: MessageId: 1, ChatHistoryId: 1, UserId: 1, IsHuman: Human, Content: 日本語は分かりますか, CreatedAt: 2025-03-02 14:11:00, MessageId: 2, ChatHistoryId: 1, UserId: 1, IsHuman: Human, Content: 日本語は分かりますか, CreatedAt: 2025-03-02 14:14:52, MessageId: 3, ChatHistoryId: 1, UserId: 1, IsHuman: AI, Content: はい、日本語を理解することができます。

何か私に聞いてください！😊, CreatedAt: 2025-03-02 14:14:59, MessageId: 4, ChatHistoryId: 1, UserId: 1, IsHuman: Human, Content: ことわざを1行で1つ教えてください, CreatedAt: 2025-03-02 14:15:33, MessageId: 5, ChatHistoryId: 1, UserId: 1, IsHuman: AI, Content: 一石二鳥  
, CreatedAt: 2025-03-02 14:15:35, MessageId: 6, ChatHistoryId: 1, UserId: 1, IsHuman: Human, Content: 上記を英語にしてください, CreatedAt: 2025-03-02 14:15:43, MessageId: 7, ChatHistoryId: 1, UserId: 1, IsHuman: AI, Content: Please provide me with the text you would like me to translate into English. 😊 

I need the text in order to help you!  
, CreatedAt: 2025-03-02 14:15:50
[2025-03-02 14:49:30.848 +09:00] [SqliteManagement.cs : 152] [GetMessageList] MessageのListを取得: MessageId: 1, ChatHistoryId: 1, UserId: 1, IsHuman: Human, Content: 日本語は分かりますか, CreatedAt: 2025-03-02 14:11:00, MessageId: 2, ChatHistoryId: 1, UserId: 1, IsHuman: Human, Content: 日本語は分かりますか, CreatedAt: 2025-03-02 14:14:52, MessageId: 3, ChatHistoryId: 1, UserId: 1, IsHuman: AI, Content: はい、日本語を理解することができます。

何か私に聞いてください！😊, CreatedAt: 2025-03-02 14:14:59, MessageId: 4, ChatHistoryId: 1, UserId: 1, IsHuman: Human, Content: ことわざを1行で1つ教えてください, CreatedAt: 2025-03-02 14:15:33, MessageId: 5, ChatHistoryId: 1, UserId: 1, IsHuman: AI, Content: 一石二鳥  
, CreatedAt: 2025-03-02 14:15:35, MessageId: 6, ChatHistoryId: 1, UserId: 1, IsHuman: Human, Content: 上記を英語にしてください, CreatedAt: 2025-03-02 14:15:43, MessageId: 7, ChatHistoryId: 1, UserId: 1, IsHuman: AI, Content: Please provide me with the text you would like me to translate into English. 😊 

I need the text in order to help you!  
, CreatedAt: 2025-03-02 14:15:50
[2025-03-02 14:49:33.868 +09:00] [SqliteManagement.cs : 152] [GetMessageList] MessageのListを取得: 
[2025-03-02 14:49:33.871 +09:00] [SqliteManagement.cs : 152] [GetMessageList] MessageのListを取得: 
[2025-03-02 14:49:34.868 +09:00] [SqliteManagement.cs : 152] [GetMessageList] MessageのListを取得: MessageId: 1, ChatHistoryId: 1, UserId: 1, IsHuman: Human, Content: 日本語は分かりますか, CreatedAt: 2025-03-02 14:11:00, MessageId: 2, ChatHistoryId: 1, UserId: 1, IsHuman: Human, Content: 日本語は分かりますか, CreatedAt: 2025-03-02 14:14:52, MessageId: 3, ChatHistoryId: 1, UserId: 1, IsHuman: AI, Content: はい、日本語を理解することができます。

何か私に聞いてください！😊, CreatedAt: 2025-03-02 14:14:59, MessageId: 4, ChatHistoryId: 1, UserId: 1, IsHuman: Human, Content: ことわざを1行で1つ教えてください, CreatedAt: 2025-03-02 14:15:33, MessageId: 5, ChatHistoryId: 1, UserId: 1, IsHuman: AI, Content: 一石二鳥  
, CreatedAt: 2025-03-02 14:15:35, MessageId: 6, ChatHistoryId: 1, UserId: 1, IsHuman: Human, Content: 上記を英語にしてください, CreatedAt: 2025-03-02 14:15:43, MessageId: 7, ChatHistoryId: 1, UserId: 1, IsHuman: AI, Content: Please provide me with the text you would like me to translate into English. 😊 

I need the text in order to help you!  
, CreatedAt: 2025-03-02 14:15:50
[2025-03-02 14:49:36.391 +09:00] [SqliteManagement.cs : 152] [GetMessageList] MessageのListを取得: MessageId: 1, ChatHistoryId: 1, UserId: 1, IsHuman: Human, Content: 日本語は分かりますか, CreatedAt: 2025-03-02 14:11:00, MessageId: 2, ChatHistoryId: 1, UserId: 1, IsHuman: Human, Content: 日本語は分かりますか, CreatedAt: 2025-03-02 14:14:52, MessageId: 3, ChatHistoryId: 1, UserId: 1, IsHuman: AI, Content: はい、日本語を理解することができます。

何か私に聞いてください！😊, CreatedAt: 2025-03-02 14:14:59, MessageId: 4, ChatHistoryId: 1, UserId: 1, IsHuman: Human, Content: ことわざを1行で1つ教えてください, CreatedAt: 2025-03-02 14:15:33, MessageId: 5, ChatHistoryId: 1, UserId: 1, IsHuman: AI, Content: 一石二鳥  
, CreatedAt: 2025-03-02 14:15:35, MessageId: 6, ChatHistoryId: 1, UserId: 1, IsHuman: Human, Content: 上記を英語にしてください, CreatedAt: 2025-03-02 14:15:43, MessageId: 7, ChatHistoryId: 1, UserId: 1, IsHuman: AI, Content: Please provide me with the text you would like me to translate into English. 😊 

I need the text in order to help you!  
, CreatedAt: 2025-03-02 14:15:50
[2025-03-02 14:49:36.927 +09:00] [SqliteManagement.cs : 152] [GetMessageList] MessageのListを取得: 
[2025-03-02 14:49:36.934 +09:00] [SqliteManagement.cs : 152] [GetMessageList] MessageのListを取得: 
[2025-03-02 14:49:38.065 +09:00] [SqliteManagement.cs : 152] [GetMessageList] MessageのListを取得: MessageId: 1, ChatHistoryId: 1, UserId: 1, IsHuman: Human, Content: 日本語は分かりますか, CreatedAt: 2025-03-02 14:11:00, MessageId: 2, ChatHistoryId: 1, UserId: 1, IsHuman: Human, Content: 日本語は分かりますか, CreatedAt: 2025-03-02 14:14:52, MessageId: 3, ChatHistoryId: 1, UserId: 1, IsHuman: AI, Content: はい、日本語を理解することができます。

何か私に聞いてください！😊, CreatedAt: 2025-03-02 14:14:59, MessageId: 4, ChatHistoryId: 1, UserId: 1, IsHuman: Human, Content: ことわざを1行で1つ教えてください, CreatedAt: 2025-03-02 14:15:33, MessageId: 5, ChatHistoryId: 1, UserId: 1, IsHuman: AI, Content: 一石二鳥  
, CreatedAt: 2025-03-02 14:15:35, MessageId: 6, ChatHistoryId: 1, UserId: 1, IsHuman: Human, Content: 上記を英語にしてください, CreatedAt: 2025-03-02 14:15:43, MessageId: 7, ChatHistoryId: 1, UserId: 1, IsHuman: AI, Content: Please provide me with the text you would like me to translate into English. 😊 

I need the text in order to help you!  
, CreatedAt: 2025-03-02 14:15:50
[2025-03-02 14:49:38.067 +09:00] [SqliteManagement.cs : 152] [GetMessageList] MessageのListを取得: MessageId: 1, ChatHistoryId: 1, UserId: 1, IsHuman: Human, Content: 日本語は分かりますか, CreatedAt: 2025-03-02 14:11:00, MessageId: 2, ChatHistoryId: 1, UserId: 1, IsHuman: Human, Content: 日本語は分かりますか, CreatedAt: 2025-03-02 14:14:52, MessageId: 3, ChatHistoryId: 1, UserId: 1, IsHuman: AI, Content: はい、日本語を理解することができます。

何か私に聞いてください！😊, CreatedAt: 2025-03-02 14:14:59, MessageId: 4, ChatHistoryId: 1, UserId: 1, IsHuman: Human, Content: ことわざを1行で1つ教えてください, CreatedAt: 2025-03-02 14:15:33, MessageId: 5, ChatHistoryId: 1, UserId: 1, IsHuman: AI, Content: 一石二鳥  
, CreatedAt: 2025-03-02 14:15:35, MessageId: 6, ChatHistoryId: 1, UserId: 1, IsHuman: Human, Content: 上記を英語にしてください, CreatedAt: 2025-03-02 14:15:43, MessageId: 7, ChatHistoryId: 1, UserId: 1, IsHuman: AI, Content: Please provide me with the text you would like me to translate into English. 😊 

I need the text in order to help you!  
, CreatedAt: 2025-03-02 14:15:50
