[2025-03-02 15:55:48.377 +09:00] [App.xaml.cs : 42] [.ctor] アプリケーション起動
[2025-03-02 15:55:48.382 +09:00] [App.xaml.cs : 44] [.ctor] LOG_LEVEL: DEBUG
[2025-03-02 15:55:48.383 +09:00] [App.xaml.cs : 44] [.ctor] MODEL_ID: gemma2:9b
[2025-03-02 15:55:48.750 +09:00] [SqliteManagement.cs : 35] [CreateTable] データベース作成成功
[2025-03-02 15:55:52.068 +09:00] [SqliteManagement.cs : 116] [ValidateUserLogin] test ユーザが見つかりました
[2025-03-02 15:55:52.082 +09:00] [SqliteManagement.cs : 152] [GetMessageList] MessageのListを取得: 
[2025-03-02 15:55:52.092 +09:00] [SqliteManagement.cs : 182] [GetChatHistoryList] ChatHistoryのListを取得: ChatHistoryId: 1, UserId: 1, Title: 2025/03/02 03:42:38, CreatedAt: 2025-03-02 15:42:38, ChatHistoryId: 4, UserId: 1, Title: 2025/03/02 03:53:43, CreatedAt: 2025-03-02 15:53:43
[2025-03-02 15:55:56.325 +09:00] [SqliteManagement.cs : 219] [InsertHistory] 作成されたChatHistoryId: 5
[2025-03-02 15:56:02.903 +09:00] [SqliteManagement.cs : 223] [InsertHistory] ChatHistoryの挿入成功
[2025-03-02 15:56:02.906 +09:00] [SqliteManagement.cs : 182] [GetChatHistoryList] ChatHistoryのListを取得: ChatHistoryId: 1, UserId: 1, Title: 2025/03/02 03:42:38, CreatedAt: 2025-03-02 15:42:38, ChatHistoryId: 4, UserId: 1, Title: 2025/03/02 03:53:43, CreatedAt: 2025-03-02 15:53:43, ChatHistoryId: 5, UserId: 1, Title: 2025/03/02 03:55:54, CreatedAt: 2025-03-02 15:55:54
[2025-03-02 15:56:02.916 +09:00] [SqliteManagement.cs : 266] [InsertMessage] Messageの挿入成功
[2025-03-02 15:56:02.919 +09:00] [SqliteManagement.cs : 152] [GetMessageList] MessageのListを取得: MessageId: 7, ChatHistoryId: 5, UserId: 1, IsHuman: Human, Content: test, CreatedAt: 2025-03-02 15:56:02
[2025-03-02 15:56:17.444 +09:00] [SqliteManagement.cs : 266] [InsertMessage] Messageの挿入成功
[2025-03-02 15:56:17.447 +09:00] [SqliteManagement.cs : 152] [GetMessageList] MessageのListを取得: MessageId: 7, ChatHistoryId: 5, UserId: 1, IsHuman: Human, Content: test, CreatedAt: 2025-03-02 15:56:02, MessageId: 8, ChatHistoryId: 5, UserId: 1, IsHuman: AI, Content: Please provide me with something to test! 

For example, you could:

* **Ask me a question:**  "What is the capital of France?"
* **Give me a writing prompt:** "Write a short story about a robot who learns to feel emotions."
* **Have me translate something:** "Translate 'Hello, world!' into Spanish."
* **Test my knowledge:** "What are the main branches of physics?"


Let me know what you'd like to test! 😊 
, CreatedAt: 2025-03-02 15:56:17
[2025-03-02 15:56:19.245 +09:00] [SqliteManagement.cs : 152] [GetMessageList] MessageのListを取得: MessageId: 1, ChatHistoryId: 1, UserId: 1, IsHuman: Human, Content: testです。一言回答してください, CreatedAt: 2025-03-02 15:42:38, MessageId: 2, ChatHistoryId: 1, UserId: 1, IsHuman: AI, Content: 了解しました。, CreatedAt: 2025-03-02 15:42:46, MessageId: 3, ChatHistoryId: 1, UserId: 1, IsHuman: Human, Content: testです。一言回答してください。, CreatedAt: 2025-03-02 15:43:13, MessageId: 4, ChatHistoryId: 1, UserId: 1, IsHuman: AI, Content: 了解しました。, CreatedAt: 2025-03-02 15:43:16
[2025-03-02 15:56:19.247 +09:00] [SqliteManagement.cs : 152] [GetMessageList] MessageのListを取得: MessageId: 1, ChatHistoryId: 1, UserId: 1, IsHuman: Human, Content: testです。一言回答してください, CreatedAt: 2025-03-02 15:42:38, MessageId: 2, ChatHistoryId: 1, UserId: 1, IsHuman: AI, Content: 了解しました。, CreatedAt: 2025-03-02 15:42:46, MessageId: 3, ChatHistoryId: 1, UserId: 1, IsHuman: Human, Content: testです。一言回答してください。, CreatedAt: 2025-03-02 15:43:13, MessageId: 4, ChatHistoryId: 1, UserId: 1, IsHuman: AI, Content: 了解しました。, CreatedAt: 2025-03-02 15:43:16
[2025-03-02 15:56:19.728 +09:00] [SqliteManagement.cs : 152] [GetMessageList] MessageのListを取得: MessageId: 5, ChatHistoryId: 4, UserId: 1, IsHuman: Human, Content: test, CreatedAt: 2025-03-02 15:53:49, MessageId: 6, ChatHistoryId: 4, UserId: 1, IsHuman: AI, Content: Hello! 👋

How can I help you with your test? 

Do you want me to:

* **Answer a specific question?**
* **Generate some text for you to evaluate?**
* **Perform a calculation?**
* **Something else entirely?**


Let me know what you have in mind! 😊  
, CreatedAt: 2025-03-02 15:54:07
[2025-03-02 15:56:20.083 +09:00] [SqliteManagement.cs : 152] [GetMessageList] MessageのListを取得: MessageId: 7, ChatHistoryId: 5, UserId: 1, IsHuman: Human, Content: test, CreatedAt: 2025-03-02 15:56:02, MessageId: 8, ChatHistoryId: 5, UserId: 1, IsHuman: AI, Content: Please provide me with something to test! 

For example, you could:

* **Ask me a question:**  "What is the capital of France?"
* **Give me a writing prompt:** "Write a short story about a robot who learns to feel emotions."
* **Have me translate something:** "Translate 'Hello, world!' into Spanish."
* **Test my knowledge:** "What are the main branches of physics?"


Let me know what you'd like to test! 😊 
, CreatedAt: 2025-03-02 15:56:17
[2025-03-02 15:56:20.085 +09:00] [SqliteManagement.cs : 152] [GetMessageList] MessageのListを取得: MessageId: 7, ChatHistoryId: 5, UserId: 1, IsHuman: Human, Content: test, CreatedAt: 2025-03-02 15:56:02, MessageId: 8, ChatHistoryId: 5, UserId: 1, IsHuman: AI, Content: Please provide me with something to test! 

For example, you could:

* **Ask me a question:**  "What is the capital of France?"
* **Give me a writing prompt:** "Write a short story about a robot who learns to feel emotions."
* **Have me translate something:** "Translate 'Hello, world!' into Spanish."
* **Test my knowledge:** "What are the main branches of physics?"


Let me know what you'd like to test! 😊 
, CreatedAt: 2025-03-02 15:56:17
[2025-03-02 15:56:20.488 +09:00] [SqliteManagement.cs : 152] [GetMessageList] MessageのListを取得: MessageId: 5, ChatHistoryId: 4, UserId: 1, IsHuman: Human, Content: test, CreatedAt: 2025-03-02 15:53:49, MessageId: 6, ChatHistoryId: 4, UserId: 1, IsHuman: AI, Content: Hello! 👋

How can I help you with your test? 

Do you want me to:

* **Answer a specific question?**
* **Generate some text for you to evaluate?**
* **Perform a calculation?**
* **Something else entirely?**


Let me know what you have in mind! 😊  
, CreatedAt: 2025-03-02 15:54:07
[2025-03-02 15:56:20.490 +09:00] [SqliteManagement.cs : 152] [GetMessageList] MessageのListを取得: MessageId: 5, ChatHistoryId: 4, UserId: 1, IsHuman: Human, Content: test, CreatedAt: 2025-03-02 15:53:49, MessageId: 6, ChatHistoryId: 4, UserId: 1, IsHuman: AI, Content: Hello! 👋

How can I help you with your test? 

Do you want me to:

* **Answer a specific question?**
* **Generate some text for you to evaluate?**
* **Perform a calculation?**
* **Something else entirely?**


Let me know what you have in mind! 😊  
, CreatedAt: 2025-03-02 15:54:07
[2025-03-02 15:56:20.900 +09:00] [SqliteManagement.cs : 152] [GetMessageList] MessageのListを取得: MessageId: 1, ChatHistoryId: 1, UserId: 1, IsHuman: Human, Content: testです。一言回答してください, CreatedAt: 2025-03-02 15:42:38, MessageId: 2, ChatHistoryId: 1, UserId: 1, IsHuman: AI, Content: 了解しました。, CreatedAt: 2025-03-02 15:42:46, MessageId: 3, ChatHistoryId: 1, UserId: 1, IsHuman: Human, Content: testです。一言回答してください。, CreatedAt: 2025-03-02 15:43:13, MessageId: 4, ChatHistoryId: 1, UserId: 1, IsHuman: AI, Content: 了解しました。, CreatedAt: 2025-03-02 15:43:16
[2025-03-02 15:56:20.902 +09:00] [SqliteManagement.cs : 152] [GetMessageList] MessageのListを取得: MessageId: 1, ChatHistoryId: 1, UserId: 1, IsHuman: Human, Content: testです。一言回答してください, CreatedAt: 2025-03-02 15:42:38, MessageId: 2, ChatHistoryId: 1, UserId: 1, IsHuman: AI, Content: 了解しました。, CreatedAt: 2025-03-02 15:42:46, MessageId: 3, ChatHistoryId: 1, UserId: 1, IsHuman: Human, Content: testです。一言回答してください。, CreatedAt: 2025-03-02 15:43:13, MessageId: 4, ChatHistoryId: 1, UserId: 1, IsHuman: AI, Content: 了解しました。, CreatedAt: 2025-03-02 15:43:16
[2025-03-02 15:56:27.690 +09:00] [SqliteManagement.cs : 266] [InsertMessage] Messageの挿入成功
[2025-03-02 15:56:27.693 +09:00] [SqliteManagement.cs : 152] [GetMessageList] MessageのListを取得: MessageId: 1, ChatHistoryId: 1, UserId: 1, IsHuman: Human, Content: testです。一言回答してください, CreatedAt: 2025-03-02 15:42:38, MessageId: 2, ChatHistoryId: 1, UserId: 1, IsHuman: AI, Content: 了解しました。, CreatedAt: 2025-03-02 15:42:46, MessageId: 3, ChatHistoryId: 1, UserId: 1, IsHuman: Human, Content: testです。一言回答してください。, CreatedAt: 2025-03-02 15:43:13, MessageId: 4, ChatHistoryId: 1, UserId: 1, IsHuman: AI, Content: 了解しました。, CreatedAt: 2025-03-02 15:43:16, MessageId: 9, ChatHistoryId: 1, UserId: 1, IsHuman: Human, Content: 私の名前はAです, CreatedAt: 2025-03-02 15:56:27
[2025-03-02 15:56:30.906 +09:00] [SqliteManagement.cs : 266] [InsertMessage] Messageの挿入成功
[2025-03-02 15:56:30.908 +09:00] [SqliteManagement.cs : 152] [GetMessageList] MessageのListを取得: MessageId: 1, ChatHistoryId: 1, UserId: 1, IsHuman: Human, Content: testです。一言回答してください, CreatedAt: 2025-03-02 15:42:38, MessageId: 2, ChatHistoryId: 1, UserId: 1, IsHuman: AI, Content: 了解しました。, CreatedAt: 2025-03-02 15:42:46, MessageId: 3, ChatHistoryId: 1, UserId: 1, IsHuman: Human, Content: testです。一言回答してください。, CreatedAt: 2025-03-02 15:43:13, MessageId: 4, ChatHistoryId: 1, UserId: 1, IsHuman: AI, Content: 了解しました。, CreatedAt: 2025-03-02 15:43:16, MessageId: 9, ChatHistoryId: 1, UserId: 1, IsHuman: Human, Content: 私の名前はAです, CreatedAt: 2025-03-02 15:56:27, MessageId: 10, ChatHistoryId: 1, UserId: 1, IsHuman: AI, Content: こんにちは、Aさん！ 👋  

何かお手伝いしましょうか？😊, CreatedAt: 2025-03-02 15:56:30
[2025-03-02 15:56:33.187 +09:00] [SqliteManagement.cs : 152] [GetMessageList] MessageのListを取得: MessageId: 5, ChatHistoryId: 4, UserId: 1, IsHuman: Human, Content: test, CreatedAt: 2025-03-02 15:53:49, MessageId: 6, ChatHistoryId: 4, UserId: 1, IsHuman: AI, Content: Hello! 👋

How can I help you with your test? 

Do you want me to:

* **Answer a specific question?**
* **Generate some text for you to evaluate?**
* **Perform a calculation?**
* **Something else entirely?**


Let me know what you have in mind! 😊  
, CreatedAt: 2025-03-02 15:54:07
[2025-03-02 15:56:33.191 +09:00] [SqliteManagement.cs : 152] [GetMessageList] MessageのListを取得: MessageId: 5, ChatHistoryId: 4, UserId: 1, IsHuman: Human, Content: test, CreatedAt: 2025-03-02 15:53:49, MessageId: 6, ChatHistoryId: 4, UserId: 1, IsHuman: AI, Content: Hello! 👋

How can I help you with your test? 

Do you want me to:

* **Answer a specific question?**
* **Generate some text for you to evaluate?**
* **Perform a calculation?**
* **Something else entirely?**


Let me know what you have in mind! 😊  
, CreatedAt: 2025-03-02 15:54:07
[2025-03-02 15:56:33.517 +09:00] [SqliteManagement.cs : 152] [GetMessageList] MessageのListを取得: MessageId: 1, ChatHistoryId: 1, UserId: 1, IsHuman: Human, Content: testです。一言回答してください, CreatedAt: 2025-03-02 15:42:38, MessageId: 2, ChatHistoryId: 1, UserId: 1, IsHuman: AI, Content: 了解しました。, CreatedAt: 2025-03-02 15:42:46, MessageId: 3, ChatHistoryId: 1, UserId: 1, IsHuman: Human, Content: testです。一言回答してください。, CreatedAt: 2025-03-02 15:43:13, MessageId: 4, ChatHistoryId: 1, UserId: 1, IsHuman: AI, Content: 了解しました。, CreatedAt: 2025-03-02 15:43:16, MessageId: 9, ChatHistoryId: 1, UserId: 1, IsHuman: Human, Content: 私の名前はAです, CreatedAt: 2025-03-02 15:56:27, MessageId: 10, ChatHistoryId: 1, UserId: 1, IsHuman: AI, Content: こんにちは、Aさん！ 👋  

何かお手伝いしましょうか？😊, CreatedAt: 2025-03-02 15:56:30
[2025-03-02 15:56:33.520 +09:00] [SqliteManagement.cs : 152] [GetMessageList] MessageのListを取得: MessageId: 1, ChatHistoryId: 1, UserId: 1, IsHuman: Human, Content: testです。一言回答してください, CreatedAt: 2025-03-02 15:42:38, MessageId: 2, ChatHistoryId: 1, UserId: 1, IsHuman: AI, Content: 了解しました。, CreatedAt: 2025-03-02 15:42:46, MessageId: 3, ChatHistoryId: 1, UserId: 1, IsHuman: Human, Content: testです。一言回答してください。, CreatedAt: 2025-03-02 15:43:13, MessageId: 4, ChatHistoryId: 1, UserId: 1, IsHuman: AI, Content: 了解しました。, CreatedAt: 2025-03-02 15:43:16, MessageId: 9, ChatHistoryId: 1, UserId: 1, IsHuman: Human, Content: 私の名前はAです, CreatedAt: 2025-03-02 15:56:27, MessageId: 10, ChatHistoryId: 1, UserId: 1, IsHuman: AI, Content: こんにちは、Aさん！ 👋  

何かお手伝いしましょうか？😊, CreatedAt: 2025-03-02 15:56:30
[2025-03-02 15:56:33.884 +09:00] [SqliteManagement.cs : 152] [GetMessageList] MessageのListを取得: MessageId: 5, ChatHistoryId: 4, UserId: 1, IsHuman: Human, Content: test, CreatedAt: 2025-03-02 15:53:49, MessageId: 6, ChatHistoryId: 4, UserId: 1, IsHuman: AI, Content: Hello! 👋

How can I help you with your test? 

Do you want me to:

* **Answer a specific question?**
* **Generate some text for you to evaluate?**
* **Perform a calculation?**
* **Something else entirely?**


Let me know what you have in mind! 😊  
, CreatedAt: 2025-03-02 15:54:07
[2025-03-02 15:56:33.886 +09:00] [SqliteManagement.cs : 152] [GetMessageList] MessageのListを取得: MessageId: 5, ChatHistoryId: 4, UserId: 1, IsHuman: Human, Content: test, CreatedAt: 2025-03-02 15:53:49, MessageId: 6, ChatHistoryId: 4, UserId: 1, IsHuman: AI, Content: Hello! 👋

How can I help you with your test? 

Do you want me to:

* **Answer a specific question?**
* **Generate some text for you to evaluate?**
* **Perform a calculation?**
* **Something else entirely?**


Let me know what you have in mind! 😊  
, CreatedAt: 2025-03-02 15:54:07
[2025-03-02 15:56:40.752 +09:00] [SqliteManagement.cs : 266] [InsertMessage] Messageの挿入成功
[2025-03-02 15:56:40.756 +09:00] [SqliteManagement.cs : 152] [GetMessageList] MessageのListを取得: MessageId: 5, ChatHistoryId: 4, UserId: 1, IsHuman: Human, Content: test, CreatedAt: 2025-03-02 15:53:49, MessageId: 6, ChatHistoryId: 4, UserId: 1, IsHuman: AI, Content: Hello! 👋

How can I help you with your test? 

Do you want me to:

* **Answer a specific question?**
* **Generate some text for you to evaluate?**
* **Perform a calculation?**
* **Something else entirely?**


Let me know what you have in mind! 😊  
, CreatedAt: 2025-03-02 15:54:07, MessageId: 11, ChatHistoryId: 4, UserId: 1, IsHuman: Human, Content: 私の名前はBです, CreatedAt: 2025-03-02 15:56:40
[2025-03-02 15:56:43.795 +09:00] [SqliteManagement.cs : 266] [InsertMessage] Messageの挿入成功
[2025-03-02 15:56:43.798 +09:00] [SqliteManagement.cs : 152] [GetMessageList] MessageのListを取得: MessageId: 5, ChatHistoryId: 4, UserId: 1, IsHuman: Human, Content: test, CreatedAt: 2025-03-02 15:53:49, MessageId: 6, ChatHistoryId: 4, UserId: 1, IsHuman: AI, Content: Hello! 👋

How can I help you with your test? 

Do you want me to:

* **Answer a specific question?**
* **Generate some text for you to evaluate?**
* **Perform a calculation?**
* **Something else entirely?**


Let me know what you have in mind! 😊  
, CreatedAt: 2025-03-02 15:54:07, MessageId: 11, ChatHistoryId: 4, UserId: 1, IsHuman: Human, Content: 私の名前はBです, CreatedAt: 2025-03-02 15:56:40, MessageId: 12, ChatHistoryId: 4, UserId: 1, IsHuman: AI, Content: こんにちは、Bさん！

お話しできて嬉しいです。何か私に聞きたいことはありますか？😊, CreatedAt: 2025-03-02 15:56:43
[2025-03-02 15:56:46.834 +09:00] [SqliteManagement.cs : 152] [GetMessageList] MessageのListを取得: MessageId: 1, ChatHistoryId: 1, UserId: 1, IsHuman: Human, Content: testです。一言回答してください, CreatedAt: 2025-03-02 15:42:38, MessageId: 2, ChatHistoryId: 1, UserId: 1, IsHuman: AI, Content: 了解しました。, CreatedAt: 2025-03-02 15:42:46, MessageId: 3, ChatHistoryId: 1, UserId: 1, IsHuman: Human, Content: testです。一言回答してください。, CreatedAt: 2025-03-02 15:43:13, MessageId: 4, ChatHistoryId: 1, UserId: 1, IsHuman: AI, Content: 了解しました。, CreatedAt: 2025-03-02 15:43:16, MessageId: 9, ChatHistoryId: 1, UserId: 1, IsHuman: Human, Content: 私の名前はAです, CreatedAt: 2025-03-02 15:56:27, MessageId: 10, ChatHistoryId: 1, UserId: 1, IsHuman: AI, Content: こんにちは、Aさん！ 👋  

何かお手伝いしましょうか？😊, CreatedAt: 2025-03-02 15:56:30
[2025-03-02 15:56:46.839 +09:00] [SqliteManagement.cs : 152] [GetMessageList] MessageのListを取得: MessageId: 1, ChatHistoryId: 1, UserId: 1, IsHuman: Human, Content: testです。一言回答してください, CreatedAt: 2025-03-02 15:42:38, MessageId: 2, ChatHistoryId: 1, UserId: 1, IsHuman: AI, Content: 了解しました。, CreatedAt: 2025-03-02 15:42:46, MessageId: 3, ChatHistoryId: 1, UserId: 1, IsHuman: Human, Content: testです。一言回答してください。, CreatedAt: 2025-03-02 15:43:13, MessageId: 4, ChatHistoryId: 1, UserId: 1, IsHuman: AI, Content: 了解しました。, CreatedAt: 2025-03-02 15:43:16, MessageId: 9, ChatHistoryId: 1, UserId: 1, IsHuman: Human, Content: 私の名前はAです, CreatedAt: 2025-03-02 15:56:27, MessageId: 10, ChatHistoryId: 1, UserId: 1, IsHuman: AI, Content: こんにちは、Aさん！ 👋  

何かお手伝いしましょうか？😊, CreatedAt: 2025-03-02 15:56:30
[2025-03-02 15:56:47.942 +09:00] [SqliteManagement.cs : 152] [GetMessageList] MessageのListを取得: MessageId: 5, ChatHistoryId: 4, UserId: 1, IsHuman: Human, Content: test, CreatedAt: 2025-03-02 15:53:49, MessageId: 6, ChatHistoryId: 4, UserId: 1, IsHuman: AI, Content: Hello! 👋

How can I help you with your test? 

Do you want me to:

* **Answer a specific question?**
* **Generate some text for you to evaluate?**
* **Perform a calculation?**
* **Something else entirely?**


Let me know what you have in mind! 😊  
, CreatedAt: 2025-03-02 15:54:07, MessageId: 11, ChatHistoryId: 4, UserId: 1, IsHuman: Human, Content: 私の名前はBです, CreatedAt: 2025-03-02 15:56:40, MessageId: 12, ChatHistoryId: 4, UserId: 1, IsHuman: AI, Content: こんにちは、Bさん！

お話しできて嬉しいです。何か私に聞きたいことはありますか？😊, CreatedAt: 2025-03-02 15:56:43
[2025-03-02 15:56:47.945 +09:00] [SqliteManagement.cs : 152] [GetMessageList] MessageのListを取得: MessageId: 5, ChatHistoryId: 4, UserId: 1, IsHuman: Human, Content: test, CreatedAt: 2025-03-02 15:53:49, MessageId: 6, ChatHistoryId: 4, UserId: 1, IsHuman: AI, Content: Hello! 👋

How can I help you with your test? 

Do you want me to:

* **Answer a specific question?**
* **Generate some text for you to evaluate?**
* **Perform a calculation?**
* **Something else entirely?**


Let me know what you have in mind! 😊  
, CreatedAt: 2025-03-02 15:54:07, MessageId: 11, ChatHistoryId: 4, UserId: 1, IsHuman: Human, Content: 私の名前はBです, CreatedAt: 2025-03-02 15:56:40, MessageId: 12, ChatHistoryId: 4, UserId: 1, IsHuman: AI, Content: こんにちは、Bさん！

お話しできて嬉しいです。何か私に聞きたいことはありますか？😊, CreatedAt: 2025-03-02 15:56:43
[2025-03-02 15:56:51.010 +09:00] [SqliteManagement.cs : 152] [GetMessageList] MessageのListを取得: MessageId: 1, ChatHistoryId: 1, UserId: 1, IsHuman: Human, Content: testです。一言回答してください, CreatedAt: 2025-03-02 15:42:38, MessageId: 2, ChatHistoryId: 1, UserId: 1, IsHuman: AI, Content: 了解しました。, CreatedAt: 2025-03-02 15:42:46, MessageId: 3, ChatHistoryId: 1, UserId: 1, IsHuman: Human, Content: testです。一言回答してください。, CreatedAt: 2025-03-02 15:43:13, MessageId: 4, ChatHistoryId: 1, UserId: 1, IsHuman: AI, Content: 了解しました。, CreatedAt: 2025-03-02 15:43:16, MessageId: 9, ChatHistoryId: 1, UserId: 1, IsHuman: Human, Content: 私の名前はAです, CreatedAt: 2025-03-02 15:56:27, MessageId: 10, ChatHistoryId: 1, UserId: 1, IsHuman: AI, Content: こんにちは、Aさん！ 👋  

何かお手伝いしましょうか？😊, CreatedAt: 2025-03-02 15:56:30
[2025-03-02 15:56:51.013 +09:00] [SqliteManagement.cs : 152] [GetMessageList] MessageのListを取得: MessageId: 1, ChatHistoryId: 1, UserId: 1, IsHuman: Human, Content: testです。一言回答してください, CreatedAt: 2025-03-02 15:42:38, MessageId: 2, ChatHistoryId: 1, UserId: 1, IsHuman: AI, Content: 了解しました。, CreatedAt: 2025-03-02 15:42:46, MessageId: 3, ChatHistoryId: 1, UserId: 1, IsHuman: Human, Content: testです。一言回答してください。, CreatedAt: 2025-03-02 15:43:13, MessageId: 4, ChatHistoryId: 1, UserId: 1, IsHuman: AI, Content: 了解しました。, CreatedAt: 2025-03-02 15:43:16, MessageId: 9, ChatHistoryId: 1, UserId: 1, IsHuman: Human, Content: 私の名前はAです, CreatedAt: 2025-03-02 15:56:27, MessageId: 10, ChatHistoryId: 1, UserId: 1, IsHuman: AI, Content: こんにちは、Aさん！ 👋  

何かお手伝いしましょうか？😊, CreatedAt: 2025-03-02 15:56:30
[2025-03-02 15:56:52.702 +09:00] [SqliteManagement.cs : 152] [GetMessageList] MessageのListを取得: MessageId: 5, ChatHistoryId: 4, UserId: 1, IsHuman: Human, Content: test, CreatedAt: 2025-03-02 15:53:49, MessageId: 6, ChatHistoryId: 4, UserId: 1, IsHuman: AI, Content: Hello! 👋

How can I help you with your test? 

Do you want me to:

* **Answer a specific question?**
* **Generate some text for you to evaluate?**
* **Perform a calculation?**
* **Something else entirely?**


Let me know what you have in mind! 😊  
, CreatedAt: 2025-03-02 15:54:07, MessageId: 11, ChatHistoryId: 4, UserId: 1, IsHuman: Human, Content: 私の名前はBです, CreatedAt: 2025-03-02 15:56:40, MessageId: 12, ChatHistoryId: 4, UserId: 1, IsHuman: AI, Content: こんにちは、Bさん！

お話しできて嬉しいです。何か私に聞きたいことはありますか？😊, CreatedAt: 2025-03-02 15:56:43
[2025-03-02 15:56:52.709 +09:00] [SqliteManagement.cs : 152] [GetMessageList] MessageのListを取得: MessageId: 5, ChatHistoryId: 4, UserId: 1, IsHuman: Human, Content: test, CreatedAt: 2025-03-02 15:53:49, MessageId: 6, ChatHistoryId: 4, UserId: 1, IsHuman: AI, Content: Hello! 👋

How can I help you with your test? 

Do you want me to:

* **Answer a specific question?**
* **Generate some text for you to evaluate?**
* **Perform a calculation?**
* **Something else entirely?**


Let me know what you have in mind! 😊  
, CreatedAt: 2025-03-02 15:54:07, MessageId: 11, ChatHistoryId: 4, UserId: 1, IsHuman: Human, Content: 私の名前はBです, CreatedAt: 2025-03-02 15:56:40, MessageId: 12, ChatHistoryId: 4, UserId: 1, IsHuman: AI, Content: こんにちは、Bさん！

お話しできて嬉しいです。何か私に聞きたいことはありますか？😊, CreatedAt: 2025-03-02 15:56:43
[2025-03-02 15:56:58.294 +09:00] [SqliteManagement.cs : 152] [GetMessageList] MessageのListを取得: MessageId: 7, ChatHistoryId: 5, UserId: 1, IsHuman: Human, Content: test, CreatedAt: 2025-03-02 15:56:02, MessageId: 8, ChatHistoryId: 5, UserId: 1, IsHuman: AI, Content: Please provide me with something to test! 

For example, you could:

* **Ask me a question:**  "What is the capital of France?"
* **Give me a writing prompt:** "Write a short story about a robot who learns to feel emotions."
* **Have me translate something:** "Translate 'Hello, world!' into Spanish."
* **Test my knowledge:** "What are the main branches of physics?"


Let me know what you'd like to test! 😊 
, CreatedAt: 2025-03-02 15:56:17
[2025-03-02 15:56:58.297 +09:00] [SqliteManagement.cs : 152] [GetMessageList] MessageのListを取得: MessageId: 7, ChatHistoryId: 5, UserId: 1, IsHuman: Human, Content: test, CreatedAt: 2025-03-02 15:56:02, MessageId: 8, ChatHistoryId: 5, UserId: 1, IsHuman: AI, Content: Please provide me with something to test! 

For example, you could:

* **Ask me a question:**  "What is the capital of France?"
* **Give me a writing prompt:** "Write a short story about a robot who learns to feel emotions."
* **Have me translate something:** "Translate 'Hello, world!' into Spanish."
* **Test my knowledge:** "What are the main branches of physics?"


Let me know what you'd like to test! 😊 
, CreatedAt: 2025-03-02 15:56:17
[2025-03-02 15:56:59.321 +09:00] [SqliteManagement.cs : 152] [GetMessageList] MessageのListを取得: MessageId: 5, ChatHistoryId: 4, UserId: 1, IsHuman: Human, Content: test, CreatedAt: 2025-03-02 15:53:49, MessageId: 6, ChatHistoryId: 4, UserId: 1, IsHuman: AI, Content: Hello! 👋

How can I help you with your test? 

Do you want me to:

* **Answer a specific question?**
* **Generate some text for you to evaluate?**
* **Perform a calculation?**
* **Something else entirely?**


Let me know what you have in mind! 😊  
, CreatedAt: 2025-03-02 15:54:07, MessageId: 11, ChatHistoryId: 4, UserId: 1, IsHuman: Human, Content: 私の名前はBです, CreatedAt: 2025-03-02 15:56:40, MessageId: 12, ChatHistoryId: 4, UserId: 1, IsHuman: AI, Content: こんにちは、Bさん！

お話しできて嬉しいです。何か私に聞きたいことはありますか？😊, CreatedAt: 2025-03-02 15:56:43
[2025-03-02 15:56:59.323 +09:00] [SqliteManagement.cs : 152] [GetMessageList] MessageのListを取得: MessageId: 5, ChatHistoryId: 4, UserId: 1, IsHuman: Human, Content: test, CreatedAt: 2025-03-02 15:53:49, MessageId: 6, ChatHistoryId: 4, UserId: 1, IsHuman: AI, Content: Hello! 👋

How can I help you with your test? 

Do you want me to:

* **Answer a specific question?**
* **Generate some text for you to evaluate?**
* **Perform a calculation?**
* **Something else entirely?**


Let me know what you have in mind! 😊  
, CreatedAt: 2025-03-02 15:54:07, MessageId: 11, ChatHistoryId: 4, UserId: 1, IsHuman: Human, Content: 私の名前はBです, CreatedAt: 2025-03-02 15:56:40, MessageId: 12, ChatHistoryId: 4, UserId: 1, IsHuman: AI, Content: こんにちは、Bさん！

お話しできて嬉しいです。何か私に聞きたいことはありますか？😊, CreatedAt: 2025-03-02 15:56:43
[2025-03-02 15:57:00.806 +09:00] [SqliteManagement.cs : 304] [DeleteChatHistory] ChatHistoryの削除件数: 1、Messageの削除件数: 4
[2025-03-02 15:57:00.809 +09:00] [SqliteManagement.cs : 182] [GetChatHistoryList] ChatHistoryのListを取得: ChatHistoryId: 1, UserId: 1, Title: 2025/03/02 03:42:38, CreatedAt: 2025-03-02 15:42:38, ChatHistoryId: 5, UserId: 1, Title: 2025/03/02 03:55:54, CreatedAt: 2025-03-02 15:55:54
[2025-03-02 15:57:00.813 +09:00] [SqliteManagement.cs : 152] [GetMessageList] MessageのListを取得: 
[2025-03-02 15:57:01.599 +09:00] [SqliteManagement.cs : 152] [GetMessageList] MessageのListを取得: MessageId: 1, ChatHistoryId: 1, UserId: 1, IsHuman: Human, Content: testです。一言回答してください, CreatedAt: 2025-03-02 15:42:38, MessageId: 2, ChatHistoryId: 1, UserId: 1, IsHuman: AI, Content: 了解しました。, CreatedAt: 2025-03-02 15:42:46, MessageId: 3, ChatHistoryId: 1, UserId: 1, IsHuman: Human, Content: testです。一言回答してください。, CreatedAt: 2025-03-02 15:43:13, MessageId: 4, ChatHistoryId: 1, UserId: 1, IsHuman: AI, Content: 了解しました。, CreatedAt: 2025-03-02 15:43:16, MessageId: 9, ChatHistoryId: 1, UserId: 1, IsHuman: Human, Content: 私の名前はAです, CreatedAt: 2025-03-02 15:56:27, MessageId: 10, ChatHistoryId: 1, UserId: 1, IsHuman: AI, Content: こんにちは、Aさん！ 👋  

何かお手伝いしましょうか？😊, CreatedAt: 2025-03-02 15:56:30
[2025-03-02 15:57:01.602 +09:00] [SqliteManagement.cs : 152] [GetMessageList] MessageのListを取得: MessageId: 1, ChatHistoryId: 1, UserId: 1, IsHuman: Human, Content: testです。一言回答してください, CreatedAt: 2025-03-02 15:42:38, MessageId: 2, ChatHistoryId: 1, UserId: 1, IsHuman: AI, Content: 了解しました。, CreatedAt: 2025-03-02 15:42:46, MessageId: 3, ChatHistoryId: 1, UserId: 1, IsHuman: Human, Content: testです。一言回答してください。, CreatedAt: 2025-03-02 15:43:13, MessageId: 4, ChatHistoryId: 1, UserId: 1, IsHuman: AI, Content: 了解しました。, CreatedAt: 2025-03-02 15:43:16, MessageId: 9, ChatHistoryId: 1, UserId: 1, IsHuman: Human, Content: 私の名前はAです, CreatedAt: 2025-03-02 15:56:27, MessageId: 10, ChatHistoryId: 1, UserId: 1, IsHuman: AI, Content: こんにちは、Aさん！ 👋  

何かお手伝いしましょうか？😊, CreatedAt: 2025-03-02 15:56:30
[2025-03-02 15:57:02.185 +09:00] [SqliteManagement.cs : 152] [GetMessageList] MessageのListを取得: MessageId: 7, ChatHistoryId: 5, UserId: 1, IsHuman: Human, Content: test, CreatedAt: 2025-03-02 15:56:02, MessageId: 8, ChatHistoryId: 5, UserId: 1, IsHuman: AI, Content: Please provide me with something to test! 

For example, you could:

* **Ask me a question:**  "What is the capital of France?"
* **Give me a writing prompt:** "Write a short story about a robot who learns to feel emotions."
* **Have me translate something:** "Translate 'Hello, world!' into Spanish."
* **Test my knowledge:** "What are the main branches of physics?"


Let me know what you'd like to test! 😊 
, CreatedAt: 2025-03-02 15:56:17
[2025-03-02 15:57:02.188 +09:00] [SqliteManagement.cs : 152] [GetMessageList] MessageのListを取得: MessageId: 7, ChatHistoryId: 5, UserId: 1, IsHuman: Human, Content: test, CreatedAt: 2025-03-02 15:56:02, MessageId: 8, ChatHistoryId: 5, UserId: 1, IsHuman: AI, Content: Please provide me with something to test! 

For example, you could:

* **Ask me a question:**  "What is the capital of France?"
* **Give me a writing prompt:** "Write a short story about a robot who learns to feel emotions."
* **Have me translate something:** "Translate 'Hello, world!' into Spanish."
* **Test my knowledge:** "What are the main branches of physics?"


Let me know what you'd like to test! 😊 
, CreatedAt: 2025-03-02 15:56:17
[2025-03-02 15:57:07.893 +09:00] [SqliteManagement.cs : 266] [InsertMessage] Messageの挿入成功
[2025-03-02 15:57:07.896 +09:00] [SqliteManagement.cs : 152] [GetMessageList] MessageのListを取得: MessageId: 7, ChatHistoryId: 5, UserId: 1, IsHuman: Human, Content: test, CreatedAt: 2025-03-02 15:56:02, MessageId: 8, ChatHistoryId: 5, UserId: 1, IsHuman: AI, Content: Please provide me with something to test! 

For example, you could:

* **Ask me a question:**  "What is the capital of France?"
* **Give me a writing prompt:** "Write a short story about a robot who learns to feel emotions."
* **Have me translate something:** "Translate 'Hello, world!' into Spanish."
* **Test my knowledge:** "What are the main branches of physics?"


Let me know what you'd like to test! 😊 
, CreatedAt: 2025-03-02 15:56:17, MessageId: 13, ChatHistoryId: 5, UserId: 1, IsHuman: Human, Content: 私の名前はCです, CreatedAt: 2025-03-02 15:57:07
[2025-03-02 15:57:10.400 +09:00] [SqliteManagement.cs : 266] [InsertMessage] Messageの挿入成功
[2025-03-02 15:57:10.403 +09:00] [SqliteManagement.cs : 152] [GetMessageList] MessageのListを取得: MessageId: 7, ChatHistoryId: 5, UserId: 1, IsHuman: Human, Content: test, CreatedAt: 2025-03-02 15:56:02, MessageId: 8, ChatHistoryId: 5, UserId: 1, IsHuman: AI, Content: Please provide me with something to test! 

For example, you could:

* **Ask me a question:**  "What is the capital of France?"
* **Give me a writing prompt:** "Write a short story about a robot who learns to feel emotions."
* **Have me translate something:** "Translate 'Hello, world!' into Spanish."
* **Test my knowledge:** "What are the main branches of physics?"


Let me know what you'd like to test! 😊 
, CreatedAt: 2025-03-02 15:56:17, MessageId: 13, ChatHistoryId: 5, UserId: 1, IsHuman: Human, Content: 私の名前はCです, CreatedAt: 2025-03-02 15:57:07, MessageId: 14, ChatHistoryId: 5, UserId: 1, IsHuman: AI, Content: こんにちは、Cさん！

お会いできて嬉しいです。何かお手伝いできることはありますか？😊, CreatedAt: 2025-03-02 15:57:10
[2025-03-02 15:57:11.936 +09:00] [SqliteManagement.cs : 152] [GetMessageList] MessageのListを取得: MessageId: 1, ChatHistoryId: 1, UserId: 1, IsHuman: Human, Content: testです。一言回答してください, CreatedAt: 2025-03-02 15:42:38, MessageId: 2, ChatHistoryId: 1, UserId: 1, IsHuman: AI, Content: 了解しました。, CreatedAt: 2025-03-02 15:42:46, MessageId: 3, ChatHistoryId: 1, UserId: 1, IsHuman: Human, Content: testです。一言回答してください。, CreatedAt: 2025-03-02 15:43:13, MessageId: 4, ChatHistoryId: 1, UserId: 1, IsHuman: AI, Content: 了解しました。, CreatedAt: 2025-03-02 15:43:16, MessageId: 9, ChatHistoryId: 1, UserId: 1, IsHuman: Human, Content: 私の名前はAです, CreatedAt: 2025-03-02 15:56:27, MessageId: 10, ChatHistoryId: 1, UserId: 1, IsHuman: AI, Content: こんにちは、Aさん！ 👋  

何かお手伝いしましょうか？😊, CreatedAt: 2025-03-02 15:56:30
[2025-03-02 15:57:11.940 +09:00] [SqliteManagement.cs : 152] [GetMessageList] MessageのListを取得: MessageId: 1, ChatHistoryId: 1, UserId: 1, IsHuman: Human, Content: testです。一言回答してください, CreatedAt: 2025-03-02 15:42:38, MessageId: 2, ChatHistoryId: 1, UserId: 1, IsHuman: AI, Content: 了解しました。, CreatedAt: 2025-03-02 15:42:46, MessageId: 3, ChatHistoryId: 1, UserId: 1, IsHuman: Human, Content: testです。一言回答してください。, CreatedAt: 2025-03-02 15:43:13, MessageId: 4, ChatHistoryId: 1, UserId: 1, IsHuman: AI, Content: 了解しました。, CreatedAt: 2025-03-02 15:43:16, MessageId: 9, ChatHistoryId: 1, UserId: 1, IsHuman: Human, Content: 私の名前はAです, CreatedAt: 2025-03-02 15:56:27, MessageId: 10, ChatHistoryId: 1, UserId: 1, IsHuman: AI, Content: こんにちは、Aさん！ 👋  

何かお手伝いしましょうか？😊, CreatedAt: 2025-03-02 15:56:30
[2025-03-02 15:57:12.946 +09:00] [SqliteManagement.cs : 152] [GetMessageList] MessageのListを取得: MessageId: 7, ChatHistoryId: 5, UserId: 1, IsHuman: Human, Content: test, CreatedAt: 2025-03-02 15:56:02, MessageId: 8, ChatHistoryId: 5, UserId: 1, IsHuman: AI, Content: Please provide me with something to test! 

For example, you could:

* **Ask me a question:**  "What is the capital of France?"
* **Give me a writing prompt:** "Write a short story about a robot who learns to feel emotions."
* **Have me translate something:** "Translate 'Hello, world!' into Spanish."
* **Test my knowledge:** "What are the main branches of physics?"


Let me know what you'd like to test! 😊 
, CreatedAt: 2025-03-02 15:56:17, MessageId: 13, ChatHistoryId: 5, UserId: 1, IsHuman: Human, Content: 私の名前はCです, CreatedAt: 2025-03-02 15:57:07, MessageId: 14, ChatHistoryId: 5, UserId: 1, IsHuman: AI, Content: こんにちは、Cさん！

お会いできて嬉しいです。何かお手伝いできることはありますか？😊, CreatedAt: 2025-03-02 15:57:10
[2025-03-02 15:57:12.949 +09:00] [SqliteManagement.cs : 152] [GetMessageList] MessageのListを取得: MessageId: 7, ChatHistoryId: 5, UserId: 1, IsHuman: Human, Content: test, CreatedAt: 2025-03-02 15:56:02, MessageId: 8, ChatHistoryId: 5, UserId: 1, IsHuman: AI, Content: Please provide me with something to test! 

For example, you could:

* **Ask me a question:**  "What is the capital of France?"
* **Give me a writing prompt:** "Write a short story about a robot who learns to feel emotions."
* **Have me translate something:** "Translate 'Hello, world!' into Spanish."
* **Test my knowledge:** "What are the main branches of physics?"


Let me know what you'd like to test! 😊 
, CreatedAt: 2025-03-02 15:56:17, MessageId: 13, ChatHistoryId: 5, UserId: 1, IsHuman: Human, Content: 私の名前はCです, CreatedAt: 2025-03-02 15:57:07, MessageId: 14, ChatHistoryId: 5, UserId: 1, IsHuman: AI, Content: こんにちは、Cさん！

お会いできて嬉しいです。何かお手伝いできることはありますか？😊, CreatedAt: 2025-03-02 15:57:10
