[2025-03-02 21:05:14.679 +09:00] [App.xaml.cs : 42] [.ctor] アプリケーション起動
[2025-03-02 21:05:14.686 +09:00] [App.xaml.cs : 44] [.ctor] LOG_LEVEL: DEBUG
[2025-03-02 21:05:14.690 +09:00] [App.xaml.cs : 44] [.ctor] MODEL_ID: gemma2:9b
[2025-03-02 21:05:15.017 +09:00] [SqliteManagement.cs : 35] [CreateTable] データベース作成成功
[2025-03-02 21:05:17.728 +09:00] [SqliteManagement.cs : 117] [ValidateUserLogin] test ユーザ ユーザID: 1が見つかりました
[2025-03-02 21:05:17.740 +09:00] [SqliteManagement.cs : 153] [GetMessageList] MessageのListを取得: 
[2025-03-02 21:05:17.750 +09:00] [SqliteManagement.cs : 186] [GetChatHistoryList] ChatHistoryのListを取得: ChatHistoryId: 18, UserId: 1, Title: 2025/03/02 09:01:08, CreatedAt: 2025-03-02 21:01:08, ChatHistoryId: 17, UserId: 1, Title: 2025/03/02 08:59:02, CreatedAt: 2025-03-02 20:59:02, ChatHistoryId: 15, UserId: 1, Title: 2025/03/02 05:39:37, CreatedAt: 2025-03-02 17:39:37, ChatHistoryId: 9, UserId: 1, Title: 2025/03/02 05:06:04, CreatedAt: 2025-03-02 17:06:04, ChatHistoryId: 8, UserId: 1, Title: 2025/03/02 05:05:27, CreatedAt: 2025-03-02 17:05:27
[2025-03-02 21:05:20.290 +09:00] [SqliteManagement.cs : 223] [InsertHistory] 作成されたChatHistoryId: 19
[2025-03-02 21:05:20.295 +09:00] [SqliteManagement.cs : 227] [InsertHistory] ChatHistoryの挿入成功
[2025-03-02 21:05:20.298 +09:00] [SqliteManagement.cs : 186] [GetChatHistoryList] ChatHistoryのListを取得: ChatHistoryId: 19, UserId: 1, Title: 2025/03/02 09:05:20, CreatedAt: 2025-03-02 21:05:20, ChatHistoryId: 18, UserId: 1, Title: 2025/03/02 09:01:08, CreatedAt: 2025-03-02 21:01:08, ChatHistoryId: 17, UserId: 1, Title: 2025/03/02 08:59:02, CreatedAt: 2025-03-02 20:59:02, ChatHistoryId: 15, UserId: 1, Title: 2025/03/02 05:39:37, CreatedAt: 2025-03-02 17:39:37, ChatHistoryId: 9, UserId: 1, Title: 2025/03/02 05:06:04, CreatedAt: 2025-03-02 17:06:04, ChatHistoryId: 8, UserId: 1, Title: 2025/03/02 05:05:27, CreatedAt: 2025-03-02 17:05:27
[2025-03-02 21:05:39.459 +09:00] [SqliteManagement.cs : 270] [InsertMessage] Messageの挿入成功
[2025-03-02 21:05:39.462 +09:00] [SqliteManagement.cs : 153] [GetMessageList] MessageのListを取得: MessageId: 46, ChatHistoryId: 19, UserId: 1, IsHuman: Human, Content: test, CreatedAt: 2025-03-02 21:05:39
[2025-03-02 21:05:49.736 +09:00] [SqliteManagement.cs : 270] [InsertMessage] Messageの挿入成功
[2025-03-02 21:05:49.739 +09:00] [SqliteManagement.cs : 153] [GetMessageList] MessageのListを取得: MessageId: 46, ChatHistoryId: 19, UserId: 1, IsHuman: Human, Content: test, CreatedAt: 2025-03-02 21:05:39, MessageId: 47, ChatHistoryId: 19, UserId: 1, IsHuman: AI, Content: Did you want me to do something with "test"?  

For example, I could:

* **Define the word "test".**
* **Give you examples of how "test" is used in a sentence.**
* **Create a test for you!** 


Let me know what you have in mind! 😊  
, CreatedAt: 2025-03-02 21:05:49
