[2025-03-02 17:39:30.125 +09:00] [App.xaml.cs : 42] [.ctor] アプリケーション起動
[2025-03-02 17:39:30.130 +09:00] [App.xaml.cs : 44] [.ctor] LOG_LEVEL: DEBUG
[2025-03-02 17:39:30.132 +09:00] [App.xaml.cs : 44] [.ctor] MODEL_ID: gemma2:9b
[2025-03-02 17:39:30.468 +09:00] [SqliteManagement.cs : 35] [CreateTable] データベース作成成功
[2025-03-02 17:39:34.060 +09:00] [SqliteManagement.cs : 116] [ValidateUserLogin] test ユーザが見つかりました
[2025-03-02 17:39:34.072 +09:00] [SqliteManagement.cs : 152] [GetMessageList] MessageのListを取得: 
[2025-03-02 17:39:34.079 +09:00] [SqliteManagement.cs : 182] [GetChatHistoryList] ChatHistoryのListを取得: ChatHistoryId: 14, UserId: 1, Title: 2025/03/02 05:34:27, CreatedAt: 2025-03-02 17:34:27, ChatHistoryId: 10, UserId: 1, Title: 2025/03/02 05:31:07, CreatedAt: 2025-03-02 17:31:07, ChatHistoryId: 9, UserId: 1, Title: 2025/03/02 05:06:04, CreatedAt: 2025-03-02 17:06:04, ChatHistoryId: 8, UserId: 1, Title: 2025/03/02 05:05:27, CreatedAt: 2025-03-02 17:05:27
[2025-03-02 17:39:35.753 +09:00] [SqliteManagement.cs : 152] [GetMessageList] MessageのListを取得: MessageId: 29, ChatHistoryId: 14, UserId: 1, IsHuman: Human, Content: 日本語のことわざを1つ1行で教えてください, CreatedAt: 2025-03-02 17:34:44, MessageId: 30, ChatHistoryId: 14, UserId: 1, IsHuman: AI, Content: 一石二鳥。  
, CreatedAt: 2025-03-02 17:35:04, MessageId: 31, ChatHistoryId: 14, UserId: 1, IsHuman: Human, Content: 上記ことわざを英語にしてください, CreatedAt: 2025-03-02 17:35:35, MessageId: 32, ChatHistoryId: 14, UserId: 1, IsHuman: AI, Content: Please provide the proverb you would like me to translate into English. 😊  

For example, you could say:

"Please translate the proverb 'Rome wasn't built in a day' into English." 


I'm ready when you are! 
, CreatedAt: 2025-03-02 17:35:43, MessageId: 33, ChatHistoryId: 14, UserId: 1, IsHuman: Human, Content: 今までのチャットを覚えていますか, CreatedAt: 2025-03-02 17:35:53, MessageId: 34, ChatHistoryId: 14, UserId: 1, IsHuman: AI, Content: 私は以前の会話は記憶していません。各会話は独立して処理されますので、前の会話の内容を理解することはできません。

新しい質問やタスクについて教えてください！喜んでお手伝いします。, CreatedAt: 2025-03-02 17:36:00, MessageId: 35, ChatHistoryId: 14, UserId: 1, IsHuman: Human, Content: test, CreatedAt: 2025-03-02 17:36:41
[2025-03-02 17:39:35.756 +09:00] [SqliteManagement.cs : 152] [GetMessageList] MessageのListを取得: MessageId: 29, ChatHistoryId: 14, UserId: 1, IsHuman: Human, Content: 日本語のことわざを1つ1行で教えてください, CreatedAt: 2025-03-02 17:34:44, MessageId: 30, ChatHistoryId: 14, UserId: 1, IsHuman: AI, Content: 一石二鳥。  
, CreatedAt: 2025-03-02 17:35:04, MessageId: 31, ChatHistoryId: 14, UserId: 1, IsHuman: Human, Content: 上記ことわざを英語にしてください, CreatedAt: 2025-03-02 17:35:35, MessageId: 32, ChatHistoryId: 14, UserId: 1, IsHuman: AI, Content: Please provide the proverb you would like me to translate into English. 😊  

For example, you could say:

"Please translate the proverb 'Rome wasn't built in a day' into English." 


I'm ready when you are! 
, CreatedAt: 2025-03-02 17:35:43, MessageId: 33, ChatHistoryId: 14, UserId: 1, IsHuman: Human, Content: 今までのチャットを覚えていますか, CreatedAt: 2025-03-02 17:35:53, MessageId: 34, ChatHistoryId: 14, UserId: 1, IsHuman: AI, Content: 私は以前の会話は記憶していません。各会話は独立して処理されますので、前の会話の内容を理解することはできません。

新しい質問やタスクについて教えてください！喜んでお手伝いします。, CreatedAt: 2025-03-02 17:36:00, MessageId: 35, ChatHistoryId: 14, UserId: 1, IsHuman: Human, Content: test, CreatedAt: 2025-03-02 17:36:41
[2025-03-02 17:39:36.172 +09:00] [SqliteManagement.cs : 152] [GetMessageList] MessageのListを取得: MessageId: 23, ChatHistoryId: 10, UserId: 1, IsHuman: Human, Content: 日本のことわざを1つ1行で教えてください, CreatedAt: 2025-03-02 17:31:23, MessageId: 24, ChatHistoryId: 10, UserId: 1, IsHuman: AI, Content: 焦らずに、じっくりと準備をすることが大切である。 **「井の中の蛙は、天の海を知らず」** 


Let me know if you'd like to hear another one! 😄 
, CreatedAt: 2025-03-02 17:31:47, MessageId: 25, ChatHistoryId: 10, UserId: 1, IsHuman: Human, Content: 上記を英語にしてください, CreatedAt: 2025-03-02 17:32:04, MessageId: 26, ChatHistoryId: 10, UserId: 1, IsHuman: AI, Content: Please provide me with the text you would like me to translate into English. 

I need the content to be able to translate it! 😊  
, CreatedAt: 2025-03-02 17:32:09, MessageId: 27, ChatHistoryId: 10, UserId: 1, IsHuman: Human, Content: test, CreatedAt: 2025-03-02 17:32:25, MessageId: 28, ChatHistoryId: 10, UserId: 1, IsHuman: AI, Content: Hello! 👋 

What would you like me to test? 🤔  

For example, I can:

* **Answer your questions:**  Ask me anything!
* **Generate different creative text formats:** Poems, code, scripts, musical pieces, email, letters, etc. 
* **Translate languages:** Tell me what you want translated.
* **Summarize text:** Give me a piece of writing and I'll give you the gist.

Let me know how I can help! 😊, CreatedAt: 2025-03-02 17:33:10
[2025-03-02 17:39:36.177 +09:00] [SqliteManagement.cs : 152] [GetMessageList] MessageのListを取得: MessageId: 23, ChatHistoryId: 10, UserId: 1, IsHuman: Human, Content: 日本のことわざを1つ1行で教えてください, CreatedAt: 2025-03-02 17:31:23, MessageId: 24, ChatHistoryId: 10, UserId: 1, IsHuman: AI, Content: 焦らずに、じっくりと準備をすることが大切である。 **「井の中の蛙は、天の海を知らず」** 


Let me know if you'd like to hear another one! 😄 
, CreatedAt: 2025-03-02 17:31:47, MessageId: 25, ChatHistoryId: 10, UserId: 1, IsHuman: Human, Content: 上記を英語にしてください, CreatedAt: 2025-03-02 17:32:04, MessageId: 26, ChatHistoryId: 10, UserId: 1, IsHuman: AI, Content: Please provide me with the text you would like me to translate into English. 

I need the content to be able to translate it! 😊  
, CreatedAt: 2025-03-02 17:32:09, MessageId: 27, ChatHistoryId: 10, UserId: 1, IsHuman: Human, Content: test, CreatedAt: 2025-03-02 17:32:25, MessageId: 28, ChatHistoryId: 10, UserId: 1, IsHuman: AI, Content: Hello! 👋 

What would you like me to test? 🤔  

For example, I can:

* **Answer your questions:**  Ask me anything!
* **Generate different creative text formats:** Poems, code, scripts, musical pieces, email, letters, etc. 
* **Translate languages:** Tell me what you want translated.
* **Summarize text:** Give me a piece of writing and I'll give you the gist.

Let me know how I can help! 😊, CreatedAt: 2025-03-02 17:33:10
[2025-03-02 17:39:37.033 +09:00] [SqliteManagement.cs : 219] [InsertHistory] 作成されたChatHistoryId: 15
[2025-03-02 17:39:37.038 +09:00] [SqliteManagement.cs : 223] [InsertHistory] ChatHistoryの挿入成功
[2025-03-02 17:39:37.041 +09:00] [SqliteManagement.cs : 182] [GetChatHistoryList] ChatHistoryのListを取得: ChatHistoryId: 15, UserId: 1, Title: 2025/03/02 05:39:37, CreatedAt: 2025-03-02 17:39:37, ChatHistoryId: 14, UserId: 1, Title: 2025/03/02 05:34:27, CreatedAt: 2025-03-02 17:34:27, ChatHistoryId: 10, UserId: 1, Title: 2025/03/02 05:31:07, CreatedAt: 2025-03-02 17:31:07, ChatHistoryId: 9, UserId: 1, Title: 2025/03/02 05:06:04, CreatedAt: 2025-03-02 17:06:04, ChatHistoryId: 8, UserId: 1, Title: 2025/03/02 05:05:27, CreatedAt: 2025-03-02 17:05:27
[2025-03-02 17:39:37.044 +09:00] [SqliteManagement.cs : 152] [GetMessageList] MessageのListを取得: 
[2025-03-02 17:39:40.967 +09:00] [SqliteManagement.cs : 152] [GetMessageList] MessageのListを取得: 
[2025-03-02 17:39:40.970 +09:00] [SqliteManagement.cs : 152] [GetMessageList] MessageのListを取得: 
[2025-03-02 17:39:41.419 +09:00] [SqliteManagement.cs : 152] [GetMessageList] MessageのListを取得: MessageId: 29, ChatHistoryId: 14, UserId: 1, IsHuman: Human, Content: 日本語のことわざを1つ1行で教えてください, CreatedAt: 2025-03-02 17:34:44, MessageId: 30, ChatHistoryId: 14, UserId: 1, IsHuman: AI, Content: 一石二鳥。  
, CreatedAt: 2025-03-02 17:35:04, MessageId: 31, ChatHistoryId: 14, UserId: 1, IsHuman: Human, Content: 上記ことわざを英語にしてください, CreatedAt: 2025-03-02 17:35:35, MessageId: 32, ChatHistoryId: 14, UserId: 1, IsHuman: AI, Content: Please provide the proverb you would like me to translate into English. 😊  

For example, you could say:

"Please translate the proverb 'Rome wasn't built in a day' into English." 


I'm ready when you are! 
, CreatedAt: 2025-03-02 17:35:43, MessageId: 33, ChatHistoryId: 14, UserId: 1, IsHuman: Human, Content: 今までのチャットを覚えていますか, CreatedAt: 2025-03-02 17:35:53, MessageId: 34, ChatHistoryId: 14, UserId: 1, IsHuman: AI, Content: 私は以前の会話は記憶していません。各会話は独立して処理されますので、前の会話の内容を理解することはできません。

新しい質問やタスクについて教えてください！喜んでお手伝いします。, CreatedAt: 2025-03-02 17:36:00, MessageId: 35, ChatHistoryId: 14, UserId: 1, IsHuman: Human, Content: test, CreatedAt: 2025-03-02 17:36:41
[2025-03-02 17:39:41.421 +09:00] [SqliteManagement.cs : 152] [GetMessageList] MessageのListを取得: MessageId: 29, ChatHistoryId: 14, UserId: 1, IsHuman: Human, Content: 日本語のことわざを1つ1行で教えてください, CreatedAt: 2025-03-02 17:34:44, MessageId: 30, ChatHistoryId: 14, UserId: 1, IsHuman: AI, Content: 一石二鳥。  
, CreatedAt: 2025-03-02 17:35:04, MessageId: 31, ChatHistoryId: 14, UserId: 1, IsHuman: Human, Content: 上記ことわざを英語にしてください, CreatedAt: 2025-03-02 17:35:35, MessageId: 32, ChatHistoryId: 14, UserId: 1, IsHuman: AI, Content: Please provide the proverb you would like me to translate into English. 😊  

For example, you could say:

"Please translate the proverb 'Rome wasn't built in a day' into English." 


I'm ready when you are! 
, CreatedAt: 2025-03-02 17:35:43, MessageId: 33, ChatHistoryId: 14, UserId: 1, IsHuman: Human, Content: 今までのチャットを覚えていますか, CreatedAt: 2025-03-02 17:35:53, MessageId: 34, ChatHistoryId: 14, UserId: 1, IsHuman: AI, Content: 私は以前の会話は記憶していません。各会話は独立して処理されますので、前の会話の内容を理解することはできません。

新しい質問やタスクについて教えてください！喜んでお手伝いします。, CreatedAt: 2025-03-02 17:36:00, MessageId: 35, ChatHistoryId: 14, UserId: 1, IsHuman: Human, Content: test, CreatedAt: 2025-03-02 17:36:41
[2025-03-02 17:39:46.270 +09:00] [SqliteManagement.cs : 152] [GetMessageList] MessageのListを取得: 
[2025-03-02 17:39:46.279 +09:00] [SqliteManagement.cs : 152] [GetMessageList] MessageのListを取得: 
[2025-03-02 17:39:51.031 +09:00] [SqliteManagement.cs : 266] [InsertMessage] Messageの挿入成功
[2025-03-02 17:39:51.034 +09:00] [SqliteManagement.cs : 152] [GetMessageList] MessageのListを取得: MessageId: 36, ChatHistoryId: 15, UserId: 1, IsHuman: Human, Content: 日本語のことわざを1つ1行で教えてください, CreatedAt: 2025-03-02 17:39:51
[2025-03-02 17:39:55.089 +09:00] [SqliteManagement.cs : 266] [InsertMessage] Messageの挿入成功
[2025-03-02 17:39:55.092 +09:00] [SqliteManagement.cs : 152] [GetMessageList] MessageのListを取得: MessageId: 36, ChatHistoryId: 15, UserId: 1, IsHuman: Human, Content: 日本語のことわざを1つ1行で教えてください, CreatedAt: 2025-03-02 17:39:51, MessageId: 37, ChatHistoryId: 15, UserId: 1, IsHuman: AI, Content: 覆水盆に返らず  
, CreatedAt: 2025-03-02 17:39:55
[2025-03-02 17:39:57.927 +09:00] [SqliteManagement.cs : 152] [GetMessageList] MessageのListを取得: MessageId: 29, ChatHistoryId: 14, UserId: 1, IsHuman: Human, Content: 日本語のことわざを1つ1行で教えてください, CreatedAt: 2025-03-02 17:34:44, MessageId: 30, ChatHistoryId: 14, UserId: 1, IsHuman: AI, Content: 一石二鳥。  
, CreatedAt: 2025-03-02 17:35:04, MessageId: 31, ChatHistoryId: 14, UserId: 1, IsHuman: Human, Content: 上記ことわざを英語にしてください, CreatedAt: 2025-03-02 17:35:35, MessageId: 32, ChatHistoryId: 14, UserId: 1, IsHuman: AI, Content: Please provide the proverb you would like me to translate into English. 😊  

For example, you could say:

"Please translate the proverb 'Rome wasn't built in a day' into English." 


I'm ready when you are! 
, CreatedAt: 2025-03-02 17:35:43, MessageId: 33, ChatHistoryId: 14, UserId: 1, IsHuman: Human, Content: 今までのチャットを覚えていますか, CreatedAt: 2025-03-02 17:35:53, MessageId: 34, ChatHistoryId: 14, UserId: 1, IsHuman: AI, Content: 私は以前の会話は記憶していません。各会話は独立して処理されますので、前の会話の内容を理解することはできません。

新しい質問やタスクについて教えてください！喜んでお手伝いします。, CreatedAt: 2025-03-02 17:36:00, MessageId: 35, ChatHistoryId: 14, UserId: 1, IsHuman: Human, Content: test, CreatedAt: 2025-03-02 17:36:41
[2025-03-02 17:39:57.933 +09:00] [SqliteManagement.cs : 152] [GetMessageList] MessageのListを取得: MessageId: 29, ChatHistoryId: 14, UserId: 1, IsHuman: Human, Content: 日本語のことわざを1つ1行で教えてください, CreatedAt: 2025-03-02 17:34:44, MessageId: 30, ChatHistoryId: 14, UserId: 1, IsHuman: AI, Content: 一石二鳥。  
, CreatedAt: 2025-03-02 17:35:04, MessageId: 31, ChatHistoryId: 14, UserId: 1, IsHuman: Human, Content: 上記ことわざを英語にしてください, CreatedAt: 2025-03-02 17:35:35, MessageId: 32, ChatHistoryId: 14, UserId: 1, IsHuman: AI, Content: Please provide the proverb you would like me to translate into English. 😊  

For example, you could say:

"Please translate the proverb 'Rome wasn't built in a day' into English." 


I'm ready when you are! 
, CreatedAt: 2025-03-02 17:35:43, MessageId: 33, ChatHistoryId: 14, UserId: 1, IsHuman: Human, Content: 今までのチャットを覚えていますか, CreatedAt: 2025-03-02 17:35:53, MessageId: 34, ChatHistoryId: 14, UserId: 1, IsHuman: AI, Content: 私は以前の会話は記憶していません。各会話は独立して処理されますので、前の会話の内容を理解することはできません。

新しい質問やタスクについて教えてください！喜んでお手伝いします。, CreatedAt: 2025-03-02 17:36:00, MessageId: 35, ChatHistoryId: 14, UserId: 1, IsHuman: Human, Content: test, CreatedAt: 2025-03-02 17:36:41
[2025-03-02 17:40:00.401 +09:00] [SqliteManagement.cs : 152] [GetMessageList] MessageのListを取得: MessageId: 36, ChatHistoryId: 15, UserId: 1, IsHuman: Human, Content: 日本語のことわざを1つ1行で教えてください, CreatedAt: 2025-03-02 17:39:51, MessageId: 37, ChatHistoryId: 15, UserId: 1, IsHuman: AI, Content: 覆水盆に返らず  
, CreatedAt: 2025-03-02 17:39:55
[2025-03-02 17:40:00.405 +09:00] [SqliteManagement.cs : 152] [GetMessageList] MessageのListを取得: MessageId: 36, ChatHistoryId: 15, UserId: 1, IsHuman: Human, Content: 日本語のことわざを1つ1行で教えてください, CreatedAt: 2025-03-02 17:39:51, MessageId: 37, ChatHistoryId: 15, UserId: 1, IsHuman: AI, Content: 覆水盆に返らず  
, CreatedAt: 2025-03-02 17:39:55
[2025-03-02 17:40:02.408 +09:00] [SqliteManagement.cs : 266] [InsertMessage] Messageの挿入成功
[2025-03-02 17:40:02.411 +09:00] [SqliteManagement.cs : 152] [GetMessageList] MessageのListを取得: MessageId: 36, ChatHistoryId: 15, UserId: 1, IsHuman: Human, Content: 日本語のことわざを1つ1行で教えてください, CreatedAt: 2025-03-02 17:39:51, MessageId: 37, ChatHistoryId: 15, UserId: 1, IsHuman: AI, Content: 覆水盆に返らず  
, CreatedAt: 2025-03-02 17:39:55, MessageId: 38, ChatHistoryId: 15, UserId: 1, IsHuman: Human, Content: 上記ことわざを英語にしてください, CreatedAt: 2025-03-02 17:40:02
[2025-03-02 17:40:04.000 +09:00] [SqliteManagement.cs : 266] [InsertMessage] Messageの挿入成功
[2025-03-02 17:40:04.002 +09:00] [SqliteManagement.cs : 152] [GetMessageList] MessageのListを取得: MessageId: 36, ChatHistoryId: 15, UserId: 1, IsHuman: Human, Content: 日本語のことわざを1つ1行で教えてください, CreatedAt: 2025-03-02 17:39:51, MessageId: 37, ChatHistoryId: 15, UserId: 1, IsHuman: AI, Content: 覆水盆に返らず  
, CreatedAt: 2025-03-02 17:39:55, MessageId: 38, ChatHistoryId: 15, UserId: 1, IsHuman: Human, Content: 上記ことわざを英語にしてください, CreatedAt: 2025-03-02 17:40:02, MessageId: 39, ChatHistoryId: 15, UserId: 1, IsHuman: AI, Content: Water that is spilled cannot be recovered. 


, CreatedAt: 2025-03-02 17:40:03
