[2025-03-02 17:40:31.001 +09:00] [App.xaml.cs : 42] [.ctor] アプリケーション起動
[2025-03-02 17:40:31.006 +09:00] [App.xaml.cs : 44] [.ctor] LOG_LEVEL: DEBUG
[2025-03-02 17:40:31.007 +09:00] [App.xaml.cs : 44] [.ctor] MODEL_ID: gemma2:9b
[2025-03-02 17:40:31.425 +09:00] [SqliteManagement.cs : 35] [CreateTable] データベース作成成功
[2025-03-02 17:40:35.955 +09:00] [SqliteManagement.cs : 127] [ValidateUserLogin] test2 ユーザが見つかりませんでした
[2025-03-02 17:40:37.679 +09:00] [SqliteManagement.cs : 74] [CreateUser] 新規ユーザ作成成功 UserId: 1 UserName: test2
[2025-03-02 17:40:37.691 +09:00] [SqliteManagement.cs : 152] [GetMessageList] MessageのListを取得: 
[2025-03-02 17:40:37.699 +09:00] [SqliteManagement.cs : 182] [GetChatHistoryList] ChatHistoryのListを取得: ChatHistoryId: 15, UserId: 1, Title: 2025/03/02 05:39:37, CreatedAt: 2025-03-02 17:39:37, ChatHistoryId: 14, UserId: 1, Title: 2025/03/02 05:34:27, CreatedAt: 2025-03-02 17:34:27, ChatHistoryId: 10, UserId: 1, Title: 2025/03/02 05:31:07, CreatedAt: 2025-03-02 17:31:07, ChatHistoryId: 9, UserId: 1, Title: 2025/03/02 05:06:04, CreatedAt: 2025-03-02 17:06:04, ChatHistoryId: 8, UserId: 1, Title: 2025/03/02 05:05:27, CreatedAt: 2025-03-02 17:05:27
[2025-03-02 17:40:43.166 +09:00] [SqliteManagement.cs : 152] [GetMessageList] MessageのListを取得: MessageId: 36, ChatHistoryId: 15, UserId: 1, IsHuman: Human, Content: 日本語のことわざを1つ1行で教えてください, CreatedAt: 2025-03-02 17:39:51, MessageId: 37, ChatHistoryId: 15, UserId: 1, IsHuman: AI, Content: 覆水盆に返らず  
, CreatedAt: 2025-03-02 17:39:55, MessageId: 38, ChatHistoryId: 15, UserId: 1, IsHuman: Human, Content: 上記ことわざを英語にしてください, CreatedAt: 2025-03-02 17:40:02, MessageId: 39, ChatHistoryId: 15, UserId: 1, IsHuman: AI, Content: Water that is spilled cannot be recovered. 


, CreatedAt: 2025-03-02 17:40:03
[2025-03-02 17:40:43.173 +09:00] [SqliteManagement.cs : 152] [GetMessageList] MessageのListを取得: MessageId: 36, ChatHistoryId: 15, UserId: 1, IsHuman: Human, Content: 日本語のことわざを1つ1行で教えてください, CreatedAt: 2025-03-02 17:39:51, MessageId: 37, ChatHistoryId: 15, UserId: 1, IsHuman: AI, Content: 覆水盆に返らず  
, CreatedAt: 2025-03-02 17:39:55, MessageId: 38, ChatHistoryId: 15, UserId: 1, IsHuman: Human, Content: 上記ことわざを英語にしてください, CreatedAt: 2025-03-02 17:40:02, MessageId: 39, ChatHistoryId: 15, UserId: 1, IsHuman: AI, Content: Water that is spilled cannot be recovered. 


, CreatedAt: 2025-03-02 17:40:03
[2025-03-02 17:40:43.766 +09:00] [SqliteManagement.cs : 152] [GetMessageList] MessageのListを取得: MessageId: 29, ChatHistoryId: 14, UserId: 1, IsHuman: Human, Content: 日本語のことわざを1つ1行で教えてください, CreatedAt: 2025-03-02 17:34:44, MessageId: 30, ChatHistoryId: 14, UserId: 1, IsHuman: AI, Content: 一石二鳥。  
, CreatedAt: 2025-03-02 17:35:04, MessageId: 31, ChatHistoryId: 14, UserId: 1, IsHuman: Human, Content: 上記ことわざを英語にしてください, CreatedAt: 2025-03-02 17:35:35, MessageId: 32, ChatHistoryId: 14, UserId: 1, IsHuman: AI, Content: Please provide the proverb you would like me to translate into English. 😊  

For example, you could say:

"Please translate the proverb 'Rome wasn't built in a day' into English." 


I'm ready when you are! 
, CreatedAt: 2025-03-02 17:35:43, MessageId: 33, ChatHistoryId: 14, UserId: 1, IsHuman: Human, Content: 今までのチャットを覚えていますか, CreatedAt: 2025-03-02 17:35:53, MessageId: 34, ChatHistoryId: 14, UserId: 1, IsHuman: AI, Content: 私は以前の会話は記憶していません。各会話は独立して処理されますので、前の会話の内容を理解することはできません。

新しい質問やタスクについて教えてください！喜んでお手伝いします。, CreatedAt: 2025-03-02 17:36:00, MessageId: 35, ChatHistoryId: 14, UserId: 1, IsHuman: Human, Content: test, CreatedAt: 2025-03-02 17:36:41
[2025-03-02 17:40:43.769 +09:00] [SqliteManagement.cs : 152] [GetMessageList] MessageのListを取得: MessageId: 29, ChatHistoryId: 14, UserId: 1, IsHuman: Human, Content: 日本語のことわざを1つ1行で教えてください, CreatedAt: 2025-03-02 17:34:44, MessageId: 30, ChatHistoryId: 14, UserId: 1, IsHuman: AI, Content: 一石二鳥。  
, CreatedAt: 2025-03-02 17:35:04, MessageId: 31, ChatHistoryId: 14, UserId: 1, IsHuman: Human, Content: 上記ことわざを英語にしてください, CreatedAt: 2025-03-02 17:35:35, MessageId: 32, ChatHistoryId: 14, UserId: 1, IsHuman: AI, Content: Please provide the proverb you would like me to translate into English. 😊  

For example, you could say:

"Please translate the proverb 'Rome wasn't built in a day' into English." 


I'm ready when you are! 
, CreatedAt: 2025-03-02 17:35:43, MessageId: 33, ChatHistoryId: 14, UserId: 1, IsHuman: Human, Content: 今までのチャットを覚えていますか, CreatedAt: 2025-03-02 17:35:53, MessageId: 34, ChatHistoryId: 14, UserId: 1, IsHuman: AI, Content: 私は以前の会話は記憶していません。各会話は独立して処理されますので、前の会話の内容を理解することはできません。

新しい質問やタスクについて教えてください！喜んでお手伝いします。, CreatedAt: 2025-03-02 17:36:00, MessageId: 35, ChatHistoryId: 14, UserId: 1, IsHuman: Human, Content: test, CreatedAt: 2025-03-02 17:36:41
[2025-03-02 17:40:44.160 +09:00] [SqliteManagement.cs : 152] [GetMessageList] MessageのListを取得: MessageId: 36, ChatHistoryId: 15, UserId: 1, IsHuman: Human, Content: 日本語のことわざを1つ1行で教えてください, CreatedAt: 2025-03-02 17:39:51, MessageId: 37, ChatHistoryId: 15, UserId: 1, IsHuman: AI, Content: 覆水盆に返らず  
, CreatedAt: 2025-03-02 17:39:55, MessageId: 38, ChatHistoryId: 15, UserId: 1, IsHuman: Human, Content: 上記ことわざを英語にしてください, CreatedAt: 2025-03-02 17:40:02, MessageId: 39, ChatHistoryId: 15, UserId: 1, IsHuman: AI, Content: Water that is spilled cannot be recovered. 


, CreatedAt: 2025-03-02 17:40:03
[2025-03-02 17:40:44.163 +09:00] [SqliteManagement.cs : 152] [GetMessageList] MessageのListを取得: MessageId: 36, ChatHistoryId: 15, UserId: 1, IsHuman: Human, Content: 日本語のことわざを1つ1行で教えてください, CreatedAt: 2025-03-02 17:39:51, MessageId: 37, ChatHistoryId: 15, UserId: 1, IsHuman: AI, Content: 覆水盆に返らず  
, CreatedAt: 2025-03-02 17:39:55, MessageId: 38, ChatHistoryId: 15, UserId: 1, IsHuman: Human, Content: 上記ことわざを英語にしてください, CreatedAt: 2025-03-02 17:40:02, MessageId: 39, ChatHistoryId: 15, UserId: 1, IsHuman: AI, Content: Water that is spilled cannot be recovered. 


, CreatedAt: 2025-03-02 17:40:03
