[2025-03-02 17:52:33.797 +09:00] [App.xaml.cs : 42] [.ctor] アプリケーション起動
[2025-03-02 17:52:33.802 +09:00] [App.xaml.cs : 44] [.ctor] LOG_LEVEL: DEBUG
[2025-03-02 17:52:33.803 +09:00] [App.xaml.cs : 44] [.ctor] MODEL_ID: gemma2:9b
[2025-03-02 17:52:34.147 +09:00] [SqliteManagement.cs : 35] [CreateTable] データベース作成成功
[2025-03-02 17:52:36.995 +09:00] [SqliteManagement.cs : 117] [ValidateUserLogin] test ユーザ ユーザID: 1が見つかりました
[2025-03-02 17:52:37.009 +09:00] [SqliteManagement.cs : 153] [GetMessageList] MessageのListを取得: 
[2025-03-02 17:52:37.018 +09:00] [SqliteManagement.cs : 186] [GetChatHistoryList] ChatHistoryのListを取得: ChatHistoryId: 15, UserId: 1, Title: 2025/03/02 05:39:37, CreatedAt: 2025-03-02 17:39:37, ChatHistoryId: 14, UserId: 1, Title: 2025/03/02 05:34:27, CreatedAt: 2025-03-02 17:34:27, ChatHistoryId: 10, UserId: 1, Title: 2025/03/02 05:31:07, CreatedAt: 2025-03-02 17:31:07, ChatHistoryId: 9, UserId: 1, Title: 2025/03/02 05:06:04, CreatedAt: 2025-03-02 17:06:04, ChatHistoryId: 8, UserId: 1, Title: 2025/03/02 05:05:27, CreatedAt: 2025-03-02 17:05:27
[2025-03-02 17:52:42.694 +09:00] [SqliteManagement.cs : 117] [ValidateUserLogin] test ユーザ ユーザID: 1が見つかりました
[2025-03-02 17:52:42.700 +09:00] [SqliteManagement.cs : 153] [GetMessageList] MessageのListを取得: 
[2025-03-02 17:52:42.702 +09:00] [SqliteManagement.cs : 186] [GetChatHistoryList] ChatHistoryのListを取得: ChatHistoryId: 15, UserId: 1, Title: 2025/03/02 05:39:37, CreatedAt: 2025-03-02 17:39:37, ChatHistoryId: 14, UserId: 1, Title: 2025/03/02 05:34:27, CreatedAt: 2025-03-02 17:34:27, ChatHistoryId: 10, UserId: 1, Title: 2025/03/02 05:31:07, CreatedAt: 2025-03-02 17:31:07, ChatHistoryId: 9, UserId: 1, Title: 2025/03/02 05:06:04, CreatedAt: 2025-03-02 17:06:04, ChatHistoryId: 8, UserId: 1, Title: 2025/03/02 05:05:27, CreatedAt: 2025-03-02 17:05:27
[2025-03-02 17:53:08.205 +09:00] [SqliteManagement.cs : 117] [ValidateUserLogin] test ユーザ ユーザID: 1が見つかりました
[2025-03-02 17:53:08.208 +09:00] [SqliteManagement.cs : 153] [GetMessageList] MessageのListを取得: 
[2025-03-02 17:53:08.210 +09:00] [SqliteManagement.cs : 186] [GetChatHistoryList] ChatHistoryのListを取得: ChatHistoryId: 15, UserId: 1, Title: 2025/03/02 05:39:37, CreatedAt: 2025-03-02 17:39:37, ChatHistoryId: 14, UserId: 1, Title: 2025/03/02 05:34:27, CreatedAt: 2025-03-02 17:34:27, ChatHistoryId: 10, UserId: 1, Title: 2025/03/02 05:31:07, CreatedAt: 2025-03-02 17:31:07, ChatHistoryId: 9, UserId: 1, Title: 2025/03/02 05:06:04, CreatedAt: 2025-03-02 17:06:04, ChatHistoryId: 8, UserId: 1, Title: 2025/03/02 05:05:27, CreatedAt: 2025-03-02 17:05:27
[2025-03-02 17:53:44.703 +09:00] [SqliteManagement.cs : 117] [ValidateUserLogin] test ユーザ ユーザID: 1が見つかりました
[2025-03-02 17:53:44.706 +09:00] [SqliteManagement.cs : 153] [GetMessageList] MessageのListを取得: 
[2025-03-02 17:53:44.707 +09:00] [SqliteManagement.cs : 186] [GetChatHistoryList] ChatHistoryのListを取得: ChatHistoryId: 15, UserId: 1, Title: 2025/03/02 05:39:37, CreatedAt: 2025-03-02 17:39:37, ChatHistoryId: 14, UserId: 1, Title: 2025/03/02 05:34:27, CreatedAt: 2025-03-02 17:34:27, ChatHistoryId: 10, UserId: 1, Title: 2025/03/02 05:31:07, CreatedAt: 2025-03-02 17:31:07, ChatHistoryId: 9, UserId: 1, Title: 2025/03/02 05:06:04, CreatedAt: 2025-03-02 17:06:04, ChatHistoryId: 8, UserId: 1, Title: 2025/03/02 05:05:27, CreatedAt: 2025-03-02 17:05:27
[2025-03-02 17:53:58.698 +09:00] [SqliteManagement.cs : 117] [ValidateUserLogin] test ユーザ ユーザID: 1が見つかりました
[2025-03-02 17:53:58.701 +09:00] [SqliteManagement.cs : 153] [GetMessageList] MessageのListを取得: 
[2025-03-02 17:53:58.703 +09:00] [SqliteManagement.cs : 186] [GetChatHistoryList] ChatHistoryのListを取得: ChatHistoryId: 15, UserId: 1, Title: 2025/03/02 05:39:37, CreatedAt: 2025-03-02 17:39:37, ChatHistoryId: 14, UserId: 1, Title: 2025/03/02 05:34:27, CreatedAt: 2025-03-02 17:34:27, ChatHistoryId: 10, UserId: 1, Title: 2025/03/02 05:31:07, CreatedAt: 2025-03-02 17:31:07, ChatHistoryId: 9, UserId: 1, Title: 2025/03/02 05:06:04, CreatedAt: 2025-03-02 17:06:04, ChatHistoryId: 8, UserId: 1, Title: 2025/03/02 05:05:27, CreatedAt: 2025-03-02 17:05:27
[2025-03-02 17:54:00.828 +09:00] [SqliteManagement.cs : 117] [ValidateUserLogin] test ユーザ ユーザID: 1が見つかりました
[2025-03-02 17:54:00.832 +09:00] [SqliteManagement.cs : 153] [GetMessageList] MessageのListを取得: 
[2025-03-02 17:54:00.835 +09:00] [SqliteManagement.cs : 186] [GetChatHistoryList] ChatHistoryのListを取得: ChatHistoryId: 15, UserId: 1, Title: 2025/03/02 05:39:37, CreatedAt: 2025-03-02 17:39:37, ChatHistoryId: 14, UserId: 1, Title: 2025/03/02 05:34:27, CreatedAt: 2025-03-02 17:34:27, ChatHistoryId: 10, UserId: 1, Title: 2025/03/02 05:31:07, CreatedAt: 2025-03-02 17:31:07, ChatHistoryId: 9, UserId: 1, Title: 2025/03/02 05:06:04, CreatedAt: 2025-03-02 17:06:04, ChatHistoryId: 8, UserId: 1, Title: 2025/03/02 05:05:27, CreatedAt: 2025-03-02 17:05:27
