[2025-02-22 14:33:50.057 +09:00] [PlayersApi.cs: 29] [Get] GETリクエストURL: https://api.worldoftanks.asia/wot/account/list/?application_id=0156f4fe1a465e6139a621f790046c60&search=metalmental
[2025-02-22 14:33:50.877 +09:00] [MainWindow.xaml.cs: 43] [playerSearchButton_Click] プレイヤーID: {"status":"ok","meta":{"count":1},"data":[{"nickname":"metalmental","account_id":2020388370}]}
[2025-02-22 14:34:53.147 +09:00] [PlayersApi.cs: 29] [Get] GETリクエストURL: https://api.worldoftanks.asia/wot/account/list/?application_id=0156f4fe1a465e6139a621f790046c60&search=d_SaT0R1n_b
[2025-02-22 14:34:53.811 +09:00] [MainWindow.xaml.cs: 43] [playerSearchButton_Click] プレイヤーID: {"status":"ok","meta":{"count":1},"data":[{"nickname":"d_SaT0R1n_b","account_id":2019972002}]}
[2025-02-22 14:34:58.596 +09:00] [PlayersApi.cs: 29] [Get] GETリクエストURL: https://api.worldoftanks.asia/wot/account/list/?application_id=0156f4fe1a465e6139a621f790046c60&search=Harataira1000
[2025-02-22 14:34:59.247 +09:00] [MainWindow.xaml.cs: 43] [playerSearchButton_Click] プレイヤーID: {"status":"ok","meta":{"count":1},"data":[{"nickname":"Harataira1000","account_id":2008357437}]}
[2025-02-22 14:35:06.301 +09:00] [PlayersApi.cs: 29] [Get] GETリクエストURL: https://api.worldoftanks.asia/wot/account/list/?application_id=0156f4fe1a465e6139a621f790046c60&search=cpr_hal
[2025-02-22 14:35:06.951 +09:00] [MainWindow.xaml.cs: 43] [playerSearchButton_Click] プレイヤーID: {"status":"ok","meta":{"count":1},"data":[{"nickname":"cpr_hal","account_id":2014055427}]}
[2025-02-22 14:35:11.653 +09:00] [PlayersApi.cs: 29] [Get] GETリクエストURL: https://api.worldoftanks.asia/wot/account/list/?application_id=0156f4fe1a465e6139a621f790046c60&search=metalmental
[2025-02-22 14:35:12.323 +09:00] [MainWindow.xaml.cs: 43] [playerSearchButton_Click] プレイヤーID: {"status":"ok","meta":{"count":1},"data":[{"nickname":"metalmental","account_id":2020388370}]}
[2025-02-22 14:35:17.349 +09:00] [PlayersApi.cs: 29] [Get] GETリクエストURL: https://api.worldoftanks.asia/wot/account/list/?application_id=0156f4fe1a465e6139a621f790046c60&search=NSE2_TDS
[2025-02-22 14:35:17.999 +09:00] [MainWindow.xaml.cs: 43] [playerSearchButton_Click] プレイヤーID: {"status":"ok","meta":{"count":1},"data":[{"nickname":"NSE2_TDS","account_id":2011255338}]}
[2025-02-22 14:35:21.628 +09:00] [PlayersApi.cs: 29] [Get] GETリクエストURL: https://api.worldoftanks.asia/wot/account/list/?application_id=0156f4fe1a465e6139a621f790046c60&search=kouto_kouto
[2025-02-22 14:35:22.283 +09:00] [MainWindow.xaml.cs: 43] [playerSearchButton_Click] プレイヤーID: {"status":"ok","meta":{"count":1},"data":[{"nickname":"kouto_kouto","account_id":2012941272}]}
[2025-02-22 14:35:26.044 +09:00] [PlayersApi.cs: 29] [Get] GETリクエストURL: https://api.worldoftanks.asia/wot/account/list/?application_id=0156f4fe1a465e6139a621f790046c60&search=d_SaT0R1n_b
[2025-02-22 14:35:26.695 +09:00] [MainWindow.xaml.cs: 43] [playerSearchButton_Click] プレイヤーID: {"status":"ok","meta":{"count":1},"data":[{"nickname":"d_SaT0R1n_b","account_id":2019972002}]}
[2025-02-22 14:35:30.216 +09:00] [PlayersApi.cs: 29] [Get] GETリクエストURL: https://api.worldoftanks.asia/wot/account/list/?application_id=0156f4fe1a465e6139a621f790046c60&search=ma_oroji
[2025-02-22 14:35:30.864 +09:00] [MainWindow.xaml.cs: 43] [playerSearchButton_Click] プレイヤーID: {"status":"ok","meta":{"count":1},"data":[{"nickname":"ma_oroji","account_id":2015053631}]}
[2025-02-22 14:35:34.464 +09:00] [PlayersApi.cs: 29] [Get] GETリクエストURL: https://api.worldoftanks.asia/wot/account/list/?application_id=0156f4fe1a465e6139a621f790046c60&search=Harataira1000
[2025-02-22 14:35:35.138 +09:00] [MainWindow.xaml.cs: 43] [playerSearchButton_Click] プレイヤーID: {"status":"ok","meta":{"count":1},"data":[{"nickname":"Harataira1000","account_id":2008357437}]}
