[2025-02-22 14:21:06.235 +09:00] [PlayersApi.cs: 29] [Get] GETリクエストURL: https://api.worldoftanks.asia/wot/account/list/?application_id=0156f4fe1a465e6139a621f790046c60&search=xxx
[2025-02-22 14:21:07.310 +09:00] [MainWindow.xaml.cs: 49] [GetPlayersId] プレイヤーIDの取得に失敗しました
[2025-02-22 14:21:07.341 +09:00] [MainWindow.xaml.cs: 50] [GetPlayersId] System.Text.Json.JsonException: The JSON value could not be converted to System.Nullable`1[System.Int32]. Path: $.data[2].account_id | LineNumber: 0 | BytePositionInLine: 191.
 ---> System.FormatException: Either the JSON value is not in a supported format, or is out of bounds for an Int32.
   at System.Text.Json.ThrowHelper.ThrowFormatException(NumericType numericType)
   at System.Text.Json.Utf8JsonReader.GetInt32()
   at System.Text.Json.Serialization.Converters.NullableConverter`1.Read(Utf8JsonReader& reader, Type typeToConvert, JsonSerializerOptions options)
   at System.Text.Json.Serialization.Metadata.JsonPropertyInfo`1.ReadJsonAndSetMember(Object obj, ReadStack& state, Utf8JsonReader& reader)
   at System.Text.Json.Serialization.Converters.ObjectDefaultConverter`1.OnTryRead(Utf8JsonReader& reader, Type typeToConvert, JsonSerializerOptions options, ReadStack& state, T& value)
   at System.Text.Json.Serialization.JsonConverter`1.TryRead(Utf8JsonReader& reader, Type typeToConvert, JsonSerializerOptions options, ReadStack& state, T& value, Boolean& isPopulatedValue)
   at System.Text.Json.Serialization.JsonCollectionConverter`2.OnTryRead(Utf8JsonReader& reader, Type typeToConvert, JsonSerializerOptions options, ReadStack& state, TCollection& value)
   at System.Text.Json.Serialization.JsonConverter`1.TryRead(Utf8JsonReader& reader, Type typeToConvert, JsonSerializerOptions options, ReadStack& state, T& value, Boolean& isPopulatedValue)
   at System.Text.Json.Serialization.Metadata.JsonPropertyInfo`1.ReadJsonAndSetMember(Object obj, ReadStack& state, Utf8JsonReader& reader)
   at System.Text.Json.Serialization.Converters.ObjectDefaultConverter`1.OnTryRead(Utf8JsonReader& reader, Type typeToConvert, JsonSerializerOptions options, ReadStack& state, T& value)
   at System.Text.Json.Serialization.JsonConverter`1.TryRead(Utf8JsonReader& reader, Type typeToConvert, JsonSerializerOptions options, ReadStack& state, T& value, Boolean& isPopulatedValue)
   at System.Text.Json.Serialization.JsonConverter`1.ReadCore(Utf8JsonReader& reader, JsonSerializerOptions options, ReadStack& state)
   --- End of inner exception stack trace ---
   at System.Text.Json.ThrowHelper.ReThrowWithPath(ReadStack& state, Utf8JsonReader& reader, Exception ex)
   at System.Text.Json.Serialization.JsonConverter`1.ReadCore(Utf8JsonReader& reader, JsonSerializerOptions options, ReadStack& state)
   at System.Text.Json.JsonSerializer.ReadFromSpan[TValue](ReadOnlySpan`1 utf8Json, JsonTypeInfo`1 jsonTypeInfo, Nullable`1 actualByteCount)
   at System.Text.Json.JsonSerializer.ReadFromSpan[TValue](ReadOnlySpan`1 json, JsonTypeInfo`1 jsonTypeInfo)
   at System.Text.Json.JsonSerializer.Deserialize[TValue](String json, JsonSerializerOptions options)
   at WoT.MainWindow.GetPlayersId() in C:\Users\川越　鉄郎\Desktop\GitHub_LocalRepository\CsharpStudy\WoT\WoT\MainWindow.xaml.cs:line 36
